This is LuaHBTeX, Version 1.17.0 (TeX Live 2023)  (format=lualatex 2023.11.23)  28 OCT 2024 17:05
 restricted system commands enabled.
**lec_4.tex
(./lec_4.tex
LaTeX2e <2023-11-01>
L3 programming layer <2023-11-09>
Lua module: luaotfload 2023-08-31 3.26 Lua based OpenType font support
Lua module: lualibs 2023-07-13 2.76 ConTeXt Lua standard libraries.
Lua module: lualibs-extended 2023-07-13 2.76 ConTeXt Lua libraries -- extended c
ollection.
luaotfload | conf : Root cache directory is "C:/texlive/2023/texmf-var/luatex-ca
che/generic/names".
luaotfload | init : Loading fontloader "fontloader-2023-08-19.lua" from kpse-res
olved path "c:/texlive/2023/texmf-dist/tex/luatex/luaotfload/fontloader-2023-08-
19.lua".
Lua-only attribute luaotfload@noligature = 1
luaotfload | init : Context OpenType loader version 3.133
Inserting `luaotfload.node_processor' in `pre_linebreak_filter'.
Inserting `luaotfload.node_processor' in `hpack_filter'.
Inserting `luaotfload.glyph_stream' in `glyph_stream_provider'.
Inserting `luaotfload.define_font' in `define_font'.
Lua-only attribute luaotfload_color_attribute = 2
luaotfload | conf : Root cache directory is "C:/texlive/2023/texmf-var/luatex-ca
che/generic/names".
Inserting `luaotfload.harf.strip_prefix' in `find_opentype_file'.
Inserting `luaotfload.harf.strip_prefix' in `find_truetype_file'.
Removing  `luaotfload.glyph_stream' from `glyph_stream_provider'.
Inserting `luaotfload.harf.glyphstream' in `glyph_stream_provider'.
Inserting `luaotfload.harf.finalize_vlist' in `post_linebreak_filter'.
Inserting `luaotfload.harf.finalize_hlist' in `hpack_filter'.
Inserting `luaotfload.cleanup_files' in `wrapup_run'.
Inserting `luaotfload.harf.finalize_unicode' in `finish_pdffile'.
Inserting `luaotfload.glyphinfo' in `glyph_info'.
Lua-only attribute luaotfload.letterspace_done = 3
Inserting `luaotfload.aux.set_sscale_dimens' in `luaotfload.patch_font'.
Inserting `luaotfload.aux.set_font_index' in `luaotfload.patch_font'.
Inserting `luaotfload.aux.patch_cambria_domh' in `luaotfload.patch_font'.
Inserting `luaotfload.aux.fixup_fontdata' in `luaotfload.patch_font_unsafe'.
Inserting `luaotfload.aux.set_capheight' in `luaotfload.patch_font'.
Inserting `luaotfload.aux.set_xheight' in `luaotfload.patch_font'.
Inserting `luaotfload.rewrite_fontname' in `luaotfload.patch_font'.
Inserting `tracingstacklevels' in `input_level_string'.
! Undefined control sequence.
l.1 \chapter
          {Sistemi lineari}
The control sequence at the end of the top line
of your error message was never \def'ed. If you have
misspelled it (e.g., `\hobx'), type `I' and the correct
spelling (e.g., `I\hbox'). Otherwise just continue,
and I'll forget about whatever was undefined.


! LaTeX Error: Missing \begin{document}.

See the LaTeX manual or LaTeX Companion for explanation.
Type  H <return>  for immediate help.
 ...                                              
                                                  
l.1 \chapter{S
            istemi lineari}
You're in trouble here.  Try typing  <return>  to proceed.
If that doesn't work, type  X <return>  to quit.

! Undefined control sequence.
l.2 \lecture
          {4}{25 Nov. 12:11}{Richiami}
The control sequence at the end of the top line
of your error message was never \def'ed. If you have
misspelled it (e.g., `\hobx'), type `I' and the correct
spelling (e.g., `I\hbox'). Otherwise just continue,
and I'll forget about whatever was undefined.

! Undefined control sequence.
l.3 \section
          {Relazioni di equivalenza}
The control sequence at the end of the top line
of your error message was never \def'ed. If you have
misspelled it (e.g., `\hobx'), type `I' and the correct
spelling (e.g., `I\hbox'). Otherwise just continue,
and I'll forget about whatever was undefined.


Overfull \hbox (20.0pt too wide) in paragraph at lines 1--4
[]Sistemi
 []


! LaTeX Error: Missing \begin{document}.

See the LaTeX manual or LaTeX Companion for explanation.
Type  H <return>  for immediate help.
 ...                                              
                                                  
l.5 U
   na relazione si dice di equivalenza se gode di tutte e tre le seguenti pr...
You're in trouble here.  Try typing  <return>  to proceed.
If that doesn't work, type  X <return>  to quit.


Overfull \hbox (20.0pt too wide) in paragraph at lines 5--6
[]Una
 []


! LaTeX Error: Missing \begin{document}.

See the LaTeX manual or LaTeX Companion for explanation.
Type  H <return>  for immediate help.
 ...                                              
                                                  
l.7 \begin{itemize}
                 
You're in trouble here.  Try typing  <return>  to proceed.
If that doesn't work, type  X <return>  to quit.


Overfull \hbox (20.0pt too wide) in paragraph at lines 7--7
[] 
 []

LaTeX Font Info:    External font `cmex10' loaded for size
(Font)              <7> on input line 8.
LaTeX Font Info:    External font `cmex10' loaded for size
(Font)              <5> on input line 8.

Overfull \hbox (113.81102pt too wide) in paragraph at lines 8--9
[]
 []


Overfull \hbox (113.81102pt too wide) in paragraph at lines 8--9
[]
 []


Overfull \hbox (15.8414pt too wide) in paragraph at lines 8--9
\OML/cmm/m/it/10 a \OMS/cmsy/m/n/10 
 []


Overfull \hbox (5.28589pt too wide) in paragraph at lines 8--9
\OML/cmm/m/it/10 a$ 
 []


Overfull \hbox (113.81102pt too wide) in paragraph at lines 9--10
[]
 []


Overfull \hbox (113.81102pt too wide) in paragraph at lines 9--10
[]
 []


Overfull \hbox (14.84717pt too wide) in paragraph at lines 9--10
\OML/cmm/m/it/10 b \OMS/cmsy/m/n/10 
 []


Overfull \hbox (5.28589pt too wide) in paragraph at lines 9--10
\OML/cmm/m/it/10 a$ 
 []


Overfull \hbox (113.81102pt too wide) in paragraph at lines 10--11
[]
 []


Overfull \hbox (113.81102pt too wide) in paragraph at lines 10--11
[]
 []


Overfull \hbox (15.8414pt too wide) in paragraph at lines 10--11
\OML/cmm/m/it/10 a \OMS/cmsy/m/n/10 
 []


Overfull \hbox (4.32756pt too wide) in paragraph at lines 10--11
\OML/cmm/m/it/10 c$ 
 []


! LaTeX Error: Environment nota undefined.

See the LaTeX manual or LaTeX Companion for explanation.
Type  H <return>  for immediate help.
 ...                                              
                                                  
l.13 \begin{nota}
               
Your command was ignored.
Type  I <command> <return>  to replace it with another command,
or  <return>  to continue without it.


Overfull \hbox (20.0pt too wide) in paragraph at lines 14--16
[][] 
 []

! Undefined control sequence.
l.17 ...[]{\makebox[2cm]{$a\sim b$\hfill} 		$a \text
                                                  { è in relazione a }b$}
The control sequence at the end of the top line
of your error message was never \def'ed. If you have
misspelled it (e.g., `\hobx'), type `I' and the correct
spelling (e.g., `I\hbox'). Otherwise just continue,
and I'll forget about whatever was undefined.

Missing character: There is no è (U+00E8) in font cmmi10!
Missing character: There is no è (U+00E8) in font cmmi10!

Overfull \hbox (56.9055pt too wide) in paragraph at lines 17--18
[]
 []


Overfull \hbox (66.26428pt too wide) in paragraph at lines 17--18
\OML/cmm/m/it/10 a[]b$ 
 []

! Undefined control sequence.
<argument> $a\nsim 
        b$\hfill 
l.18 		\item[]{\makebox[2cm]{$a\nsim b$\hfill}
                                             	$a \text{ non è in relazione ...
The control sequence at the end of the top line
of your error message was never \def'ed. If you have
misspelled it (e.g., `\hobx'), type `I' and the correct
spelling (e.g., `I\hbox'). Otherwise just continue,
and I'll forget about whatever was undefined.

! Undefined control sequence.
l.18 ...[]{\makebox[2cm]{$a\nsim b$\hfill} 	$a \text
                                                  { non è in relazione con ...
The control sequence at the end of the top line
of your error message was never \def'ed. If you have
misspelled it (e.g., `\hobx'), type `I' and the correct
spelling (e.g., `I\hbox'). Otherwise just continue,
and I'll forget about whatever was undefined.

Missing character: There is no è (U+00E8) in font cmmi10!
Missing character: There is no è (U+00E8) in font cmmi10!

Overfull \hbox (56.9055pt too wide) in paragraph at lines 18--19
[]
 []


Overfull \hbox (93.00746pt too wide) in paragraph at lines 18--19
\OML/cmm/m/it/10 a[]b$ 
 []

! Undefined control sequence.
<recently read> \text 
      
l.19 		\item[]{\makebox[2cm]{$\sum$\hfill} 		$\text
                                                 {Insieme dei segmenti orien...
The control sequence at the end of the top line
of your error message was never \def'ed. If you have
misspelled it (e.g., `\hobx'), type `I' and the correct
spelling (e.g., `I\hbox'). Otherwise just continue,
and I'll forget about whatever was undefined.


Overfull \hbox (56.9055pt too wide) in paragraph at lines 19--20
[]
 []


Overfull \hbox (261.62378pt too wide) in paragraph at lines 19--20
[]$ 
 []


! LaTeX Error: \begin{document} ended by \end{nota}.

See the LaTeX manual or LaTeX Companion for explanation.
Type  H <return>  for immediate help.
 ...                                              
                                                  
l.21 \end{nota}
             
Your command was ignored.
Type  I <command> <return>  to replace it with another command,
or  <return>  to continue without it.


! LaTeX Error: Environment flalign* undefined.

See the LaTeX manual or LaTeX Companion for explanation.
Type  H <return>  for immediate help.
 ...                                              
                                                  
l.23 \begin{flalign*}
                   
Your command was ignored.
Type  I <command> <return>  to replace it with another command,
or  <return>  to continue without it.

! Misplaced alignment tab character &.
l.25 	&
     A=C \\
I can't figure out why you would want to use a tab mark
here. If you just want an ampersand, the remedy is
simple: Just type `I\&' now. But if some right brace
up above has ended a previous alignment prematurely,
you're probably due for more error messages, and you
might try typing `S' now just to see what is salvageable.

! Misplaced alignment tab character &.
<recently read> &
 
l.26 	&
     B=D
I can't figure out why you would want to use a tab mark
here. If you just want an ampersand, the remedy is
simple: Just type `I\&' now. But if some right brace
up above has ended a previous alignment prematurely,
you're probably due for more error messages, and you
might try typing `S' now just to see what is salvageable.


! LaTeX Error: \begin{document} ended by \end{flalign*}.

See the LaTeX manual or LaTeX Companion for explanation.
Type  H <return>  for immediate help.
 ...                                              
                                                  
l.27 \end{flalign*}
                 
Your command was ignored.
Type  I <command> <return>  to replace it with another command,
or  <return>  to continue without it.


Overfull \hbox (30.00002pt too wide) in paragraph at lines 24--28
[]AB=CD\OMS/cmsy/m/n/10 ,\nullfont A=C 
 []

)
! Emergency stop.
<*> lec_4.tex
          
*** (job aborted, no legal \end found)



Here is how much of LuaTeX's memory you used:
 32 strings out of 476598
 100000,1977958 words of node,token memory allocated 5384 words of node memory still in use:
   74 hlist, 11 local_par, 1 dir, 18 math, 209 glue, 16 kern, 47 penalty, 312 gl
yph, 98 attribute, 39 glue_spec, 98 attribute_list nodes
   avail lists: 2:3,3:46,4:14,5:11,7:4,8:54,10:13
 22095 multiletter control sequences out of 65536+600000
 24 fonts using 1213367 bytes
 21i,6n,22p,171b,137s stack positions out of 10000i,1000n,20000p,200000b,200000s
!  ==> Fatal error occurred, no output PDF file produced!
