\BOOKMARK [0][-]{chapter.1}{\376\377\000I\000n\000t\000r\000o\000d\000u\000z\000i\000o\000n\000e\000\040\000a\000l\000\040\000C\000o\000r\000s\000o}{}% 1
\BOOKMARK [1][-]{section.1.1}{\376\377\000U\000r\000b\000a\000n\000i\000s\000t\000i\000c\000a}{chapter.1}% 2
\BOOKMARK [2][-]{subsection.1.1.1}{\376\377\000C\000a\000m\000b\000i\000a\000m\000e\000n\000t\000o\000\040\000D\000e\000m\000o\000g\000r\000a\000f\000i\000c\000o}{section.1.1}% 3
\BOOKMARK [0][-]{chapter.2}{\376\377\000O\000r\000i\000g\000i\000n\000e\000\040\000d\000e\000l\000\040\000F\000e\000n\000o\000m\000e\000n\000o\000\040\000U\000r\000b\000a\000n\000o}{}% 4
\BOOKMARK [1][-]{section.2.1}{\376\377\000R\000i\000v\000o\000l\000u\000z\000i\000o\000n\000e\000\040\000I\000n\000d\000u\000s\000t\000r\000i\000a\000l\000e}{chapter.2}% 5
\BOOKMARK [0][-]{chapter.3}{\376\377\000P\000i\000a\000n\000i\000f\000i\000c\000a\000z\000i\000o\000n\000e}{}% 6
\BOOKMARK [1][-]{section.3.1}{\376\377\000U\000t\000o\000p\000i\000a}{chapter.3}% 7
\BOOKMARK [1][-]{section.3.2}{\376\377\000I\000l\000\040\000P\000i\000a\000n\000o\000\040\000U\000r\000b\000a\000n\000i\000s\000t\000i\000c\000o}{chapter.3}% 8
\BOOKMARK [1][-]{section.3.3}{\376\377\000L\000e\000\040\000T\000e\000c\000n\000i\000c\000h\000e\000\040\000d\000i\000\040\000P\000i\000a\000n\000i\000f\000i\000c\000a\000z\000i\000o\000n\000e}{chapter.3}% 9
\BOOKMARK [0][-]{chapter.4}{\376\377\000I\000l\000\040\000F\000e\000n\000o\000m\000e\000n\000o\000\040\000U\000r\000b\000a\000n\000o\000\040\000i\000n\000\040\000I\000t\000a\000l\000i\000a}{}% 10
\BOOKMARK [1][-]{section.4.1}{\376\377\000N\000a\000p\000o\000l\000i}{chapter.4}% 11
\BOOKMARK [1][-]{section.4.2}{\376\377\000F\000i\000r\000e\000n\000z\000e}{chapter.4}% 12
\BOOKMARK [1][-]{section.4.3}{\376\377\000M\000i\000l\000a\000n\000o}{chapter.4}% 13
\BOOKMARK [1][-]{section.4.4}{\376\377\000R\000o\000m\000a}{chapter.4}% 14
\BOOKMARK [1][-]{section.4.5}{\376\377\000F\000a\000b\000b\000r\000i\000c\000a\000\040\000e\000\040\000c\000i\000t\000t\000\340}{chapter.4}% 15
\BOOKMARK [0][-]{chapter.5}{\376\377\000M\000o\000d\000e\000l\000l\000i\000\040\000U\000r\000b\000a\000n\000i\000\040\000e\000\040\000T\000e\000r\000r\000i\000t\000o\000r\000i\000a\000l\000i}{}% 16
\BOOKMARK [1][-]{section.5.1}{\376\377\000M\000o\000d\000e\000l\000l\000i\000\040\000M\000o\000r\000f\000o\000l\000o\000g\000i\000c\000i}{chapter.5}% 17
\BOOKMARK [1][-]{section.5.2}{\376\377\000M\000o\000d\000e\000l\000l\000i\000\040\000T\000e\000o\000r\000i\000c\000i}{chapter.5}% 18
\BOOKMARK [0][-]{chapter.6}{\376\377\000L\000e\000\040\000C\000i\000t\000t\000\340\000\040\000N\000e\000l\000\040\000T\000e\000m\000p\000o}{}% 19
\BOOKMARK [1][-]{section.6.1}{\376\377\000C\000i\000t\000t\000\340\000\040\000P\000r\000e\000-\000I\000n\000d\000u\000s\000t\000r\000i\000a\000l\000i}{chapter.6}% 20
\BOOKMARK [1][-]{section.6.2}{\376\377\000M\000o\000d\000e\000l\000l\000i\000\040\000d\000i\000\040\000C\000e\000n\000t\000r\000o\000\040\000U\000r\000b\000a\000n\000o}{chapter.6}% 21
\BOOKMARK [1][-]{section.6.3}{\376\377\000M\000o\000d\000e\000l\000l\000i\000\040\000d\000i\000n\000a\000m\000i\000c\000i\000\040\000d\000i\000\040\000c\000o\000n\000t\000i\000n\000u\000i\000t\000\340}{chapter.6}% 22
\BOOKMARK [0][-]{chapter.7}{\376\377\000M\000o\000d\000e\000l\000l\000i\000\040\000d\000i\000\040\000T\000i\000p\000o\000\040\000T\000e\000o\000r\000i\000c\000o}{}% 23
\BOOKMARK [1][-]{section.7.1}{\376\377\000M\000o\000d\000e\000l\000l\000o\000\040\000d\000i\000\040\000l\000o\000c\000a\000l\000i\000z\000z\000a\000z\000i\000o\000n\000e}{chapter.7}% 24
\BOOKMARK [1][-]{section.7.2}{\376\377\000M\000o\000d\000e\000l\000l\000o\000\040\000d\000i\000\040\000g\000r\000a\000v\000i\000t\000a\000z\000i\000o\000n\000e}{chapter.7}% 25
