This is LuaHBTeX, Version 1.17.0 (TeX Live 2023)  (format=lualatex 2023.11.23)  8 JAN 2024 16:01
 restricted system commands enabled.
 file:line:error style messages enabled.
**"c:/Users/ivano/Documents/GitHub/appunti/Progetto strade/master.tex"
("c:/Users/ivano/Documents/GitHub/appunti/Progetto strade/master.tex"
LaTeX2e <2023-11-01>
L3 programming layer <2023-11-09>
Lua module: luaotfload 2023-08-31 3.26 Lua based OpenType font support
Lua module: lualibs 2023-07-13 2.76 ConTeXt Lua standard libraries.
Lua module: lualibs-extended 2023-07-13 2.76 ConTeXt Lua libraries -- extended collection.
luaotfload | conf : Root cache directory is "C:/texlive/2023/texmf-var/luatex-cache/generic/names".
luaotfload | init : Loading fontloader "fontloader-2023-08-19.lua" from kpse-resolved path "c:/texlive/2023/texmf-dist/tex/luatex/luaotfload/fontloader-2023-08-19.lua".
Lua-only attribute luaotfload@noligature = 1
luaotfload | init : Context OpenType loader version 3.133
Inserting `luaotfload.node_processor' in `pre_linebreak_filter'.
Inserting `luaotfload.node_processor' in `hpack_filter'.
Inserting `luaotfload.glyph_stream' in `glyph_stream_provider'.
Inserting `luaotfload.define_font' in `define_font'.
Lua-only attribute luaotfload_color_attribute = 2
luaotfload | conf : Root cache directory is "C:/texlive/2023/texmf-var/luatex-cache/generic/names".
Inserting `luaotfload.harf.strip_prefix' in `find_opentype_file'.
Inserting `luaotfload.harf.strip_prefix' in `find_truetype_file'.
Removing  `luaotfload.glyph_stream' from `glyph_stream_provider'.
Inserting `luaotfload.harf.glyphstream' in `glyph_stream_provider'.
Inserting `luaotfload.harf.finalize_vlist' in `post_linebreak_filter'.
Inserting `luaotfload.harf.finalize_hlist' in `hpack_filter'.
Inserting `luaotfload.cleanup_files' in `wrapup_run'.
Inserting `luaotfload.harf.finalize_unicode' in `finish_pdffile'.
Inserting `luaotfload.glyphinfo' in `glyph_info'.
Lua-only attribute luaotfload.letterspace_done = 3
Inserting `luaotfload.aux.set_sscale_dimens' in `luaotfload.patch_font'.
Inserting `luaotfload.aux.set_font_index' in `luaotfload.patch_font'.
Inserting `luaotfload.aux.patch_cambria_domh' in `luaotfload.patch_font'.
Inserting `luaotfload.aux.fixup_fontdata' in `luaotfload.patch_font_unsafe'.
Inserting `luaotfload.aux.set_capheight' in `luaotfload.patch_font'.
Inserting `luaotfload.aux.set_xheight' in `luaotfload.patch_font'.
Inserting `luaotfload.rewrite_fontname' in `luaotfload.patch_font'.
Inserting `tracingstacklevels' in `input_level_string'. (c:/texlive/2023/texmf-dist/tex/latex/base/report.cls
Document Class: report 2023/05/17 v1.4n Standard LaTeX document class
(c:/texlive/2023/texmf-dist/tex/latex/base/size10.clo
File: size10.clo 2023/05/17 v1.4n Standard LaTeX file (size option)
luaotfload | db : Font names database loaded from C:/texlive/2023/texmf-var/luatex-cache/generic/names/luaotfload-names.luc.gz)
\c@part=\count184
\c@chapter=\count185
\c@section=\count186
\c@subsection=\count187
\c@subsubsection=\count188
\c@paragraph=\count189
\c@subparagraph=\count190
\c@figure=\count191
\c@table=\count192
\abovecaptionskip=\skip48
\belowcaptionskip=\skip49
\bibindent=\dimen139
) (./header.tex (c:/texlive/2023/texmf-dist/tex/latex/base/fontenc.sty
Package: fontenc 2021/04/29 v2.0v Standard LaTeX package
LaTeX Font Info:    Trying to load font information for T1+lmr on input line 112.
 (c:/texlive/2023/texmf-dist/tex/latex/lm/t1lmr.fd
File: t1lmr.fd 2015/05/01 v1.6.1 Font defs for Latin Modern
)) (c:/texlive/2023/texmf-dist/tex/latex/base/textcomp.sty
Package: textcomp 2020/02/02 v2.0n Standard LaTeX package
) (c:/texlive/2023/texmf-dist/tex/latex/url/url.sty
\Urlmuskip=\muskip16
Package: url 2013/09/16  ver 3.4  Verb mode for urls, etc.
) (c:/texlive/2023/texmf-dist/tex/latex/hyperref/hyperref.sty
Package: hyperref 2023-11-09 v7.01f Hypertext links for LaTeX
 (c:/texlive/2023/texmf-dist/tex/generic/ltxcmds/ltxcmds.sty
Package: ltxcmds 2020-05-10 v1.25 LaTeX kernel commands for general use (HO)
) (c:/texlive/2023/texmf-dist/tex/generic/iftex/iftex.sty
Package: iftex 2022/02/03 v1.0f TeX engine tests
) (c:/texlive/2023/texmf-dist/tex/generic/pdftexcmds/pdftexcmds.sty
Package: pdftexcmds 2020-06-27 v0.33 Utility functions of pdfTeX for LuaTeX (HO)
 (c:/texlive/2023/texmf-dist/tex/generic/infwarerr/infwarerr.sty
Package: infwarerr 2019/12/03 v1.5 Providing info/warning/error messages (HO)
)
Package pdftexcmds Info: \pdf@primitive is available.
Package pdftexcmds Info: \pdf@ifprimitive is available.
Package pdftexcmds Info: \pdfdraftmode found.
\pdftexcmds@toks=\toks17
) (c:/texlive/2023/texmf-dist/tex/latex/graphics/keyval.sty
Package: keyval 2022/05/29 v1.15 key=value parser (DPC)
\KV@toks@=\toks18
) (c:/texlive/2023/texmf-dist/tex/latex/kvsetkeys/kvsetkeys.sty
Package: kvsetkeys 2022-10-05 v1.19 Key value parser (HO)
) (c:/texlive/2023/texmf-dist/tex/generic/kvdefinekeys/kvdefinekeys.sty
Package: kvdefinekeys 2019-12-19 v1.6 Define keys (HO)
) (c:/texlive/2023/texmf-dist/tex/generic/pdfescape/pdfescape.sty
Package: pdfescape 2019/12/09 v1.15 Implements pdfTeX's escape features (HO)
) (c:/texlive/2023/texmf-dist/tex/latex/hycolor/hycolor.sty
Package: hycolor 2020-01-27 v1.10 Color options for hyperref/bookmark (HO)
) (c:/texlive/2023/texmf-dist/tex/latex/letltxmacro/letltxmacro.sty
Package: letltxmacro 2019/12/03 v1.6 Let assignment for LaTeX macros (HO)
) (c:/texlive/2023/texmf-dist/tex/latex/auxhook/auxhook.sty
Package: auxhook 2019-12-17 v1.6 Hooks for auxiliary files (HO)
) (c:/texlive/2023/texmf-dist/tex/latex/hyperref/nameref.sty
Package: nameref 2023-11-09 v2.55 Cross-referencing by name of section
 (c:/texlive/2023/texmf-dist/tex/latex/refcount/refcount.sty
Package: refcount 2019/12/15 v3.6 Data extraction from label references (HO)
) (c:/texlive/2023/texmf-dist/tex/generic/gettitlestring/gettitlestring.sty
Package: gettitlestring 2019/12/15 v1.6 Cleanup title references (HO)
 (c:/texlive/2023/texmf-dist/tex/latex/kvoptions/kvoptions.sty
Package: kvoptions 2022-06-15 v3.15 Key value format for package options (HO)
))
\c@section@level=\count193
) (c:/texlive/2023/texmf-dist/tex/latex/etoolbox/etoolbox.sty
Package: etoolbox 2020/10/05 v2.5k e-TeX tools for LaTeX (JAW)
\etb@tempcnta=\count194
)
\@linkdim=\dimen140
\Hy@linkcounter=\count195
\Hy@pagecounter=\count196
 (c:/texlive/2023/texmf-dist/tex/latex/hyperref/pd1enc.def
File: pd1enc.def 2023-11-09 v7.01f Hyperref: PDFDocEncoding definition (HO)
) (c:/texlive/2023/texmf-dist/tex/generic/intcalc/intcalc.sty
Package: intcalc 2019/12/15 v1.3 Expandable calculations with integers (HO)
)
\Hy@SavedSpaceFactor=\count197
 (c:/texlive/2023/texmf-dist/tex/latex/hyperref/puenc.def
File: puenc.def 2023-11-09 v7.01f Hyperref: PDF Unicode definition (HO)
)
Package hyperref Info: Option `colorlinks' set `true' on input line 4054.
Package hyperref Info: Hyper figures OFF on input line 4171.
Package hyperref Info: Link nesting OFF on input line 4176.
Package hyperref Info: Hyper index ON on input line 4179.
Package hyperref Info: Plain pages OFF on input line 4186.
Package hyperref Info: Backreferencing OFF on input line 4191.
Package hyperref Info: Implicit mode ON; LaTeX internals redefined.
Package hyperref Info: Bookmarks ON on input line 4438.
\c@Hy@tempcnt=\count198
LaTeX Info: Redefining \url on input line 4776.
\XeTeXLinkMargin=\dimen141
 (c:/texlive/2023/texmf-dist/tex/generic/bitset/bitset.sty
Package: bitset 2019/12/09 v1.3 Handle bit-vector datatype (HO)
 (c:/texlive/2023/texmf-dist/tex/generic/bigintcalc/bigintcalc.sty
Package: bigintcalc 2019/12/15 v1.5 Expandable calculations on big integers (HO)
))
\Fld@menulength=\count199
\Field@Width=\dimen142
\Fld@charsize=\dimen143
Package hyperref Info: Hyper figures OFF on input line 6055.
Package hyperref Info: Link nesting OFF on input line 6060.
Package hyperref Info: Hyper index ON on input line 6063.
Package hyperref Info: backreferencing OFF on input line 6070.
Package hyperref Info: Link coloring ON on input line 6073.
Package hyperref Info: Link coloring with OCG OFF on input line 6080.
Package hyperref Info: PDF/A mode OFF on input line 6085.
 (c:/texlive/2023/texmf-dist/tex/latex/base/atbegshi-ltx.sty
Package: atbegshi-ltx 2021/01/10 v1.0c Emulation of the original atbegshi
package with kernel methods
)
\Hy@abspage=\count266
\c@Item=\count267
\c@Hfootnote=\count268
)
Package hyperref Info: Driver (autodetected): hluatex.
 (c:/texlive/2023/texmf-dist/tex/latex/hyperref/hluatex.def
File: hluatex.def 2023-11-09 v7.01f Hyperref driver for luaTeX
 (c:/texlive/2023/texmf-dist/tex/generic/stringenc/stringenc.sty
Package: stringenc 2019/11/29 v1.12 Convert strings between diff. encodings (HO)
) (c:/texlive/2023/texmf-dist/tex/latex/base/atveryend-ltx.sty
Package: atveryend-ltx 2020/08/19 v1.0a Emulation of the original atveryend package
with kernel methods
)
\Fld@listcount=\count269
\c@bookmark@seq@number=\count270
 (c:/texlive/2023/texmf-dist/tex/latex/rerunfilecheck/rerunfilecheck.sty
Package: rerunfilecheck 2022-07-10 v1.10 Rerun checks for auxiliary files (HO)
 (c:/texlive/2023/texmf-dist/tex/generic/uniquecounter/uniquecounter.sty
Package: uniquecounter 2019/12/15 v1.4 Provide unlimited unique counter (HO)
)
Package uniquecounter Info: New unique counter `rerunfilecheck' on input line 285.
)
\Hy@SectionHShift=\skip50
) (c:/texlive/2023/texmf-dist/tex/latex/graphics/graphicx.sty
Package: graphicx 2021/09/16 v1.2d Enhanced LaTeX Graphics (DPC,SPQR)
 (c:/texlive/2023/texmf-dist/tex/latex/graphics/graphics.sty
Package: graphics 2022/03/10 v1.4e Standard LaTeX Graphics (DPC,SPQR)
 (c:/texlive/2023/texmf-dist/tex/latex/graphics/trig.sty
Package: trig 2021/08/11 v1.11 sin cos tan (DPC)
) (c:/texlive/2023/texmf-dist/tex/latex/graphics-cfg/graphics.cfg
File: graphics.cfg 2016/06/04 v1.11 sample graphics configuration
)
Package graphics Info: Driver file: luatex.def on input line 107.
 (c:/texlive/2023/texmf-dist/tex/latex/graphics-def/luatex.def
File: luatex.def 2022/09/22 v1.2d Graphics/color driver for luatex
))
\Gin@req@height=\dimen144
\Gin@req@width=\dimen145
) (c:/texlive/2023/texmf-dist/tex/latex/float/float.sty
Package: float 2001/11/08 v1.3d Float enhancements (AL)
\c@float@type=\count271
\float@exts=\toks19
\float@box=\box51
\@float@everytoks=\toks20
\@floatcapt=\box52
) (c:/texlive/2023/texmf-dist/tex/latex/booktabs/booktabs.sty
Package: booktabs 2020/01/12 v1.61803398 Publication quality tables
\heavyrulewidth=\dimen146
\lightrulewidth=\dimen147
\cmidrulewidth=\dimen148
\belowrulesep=\dimen149
\belowbottomsep=\dimen150
\aboverulesep=\dimen151
\abovetopsep=\dimen152
\cmidrulesep=\dimen153
\cmidrulekern=\dimen154
\defaultaddspace=\dimen155
\@cmidla=\count272
\@cmidlb=\count273
\@aboverulesep=\dimen156
\@belowrulesep=\dimen157
\@thisruleclass=\count274
\@lastruleclass=\count275
\@thisrulewidth=\dimen158
) (c:/texlive/2023/texmf-dist/tex/latex/emptypage/emptypage.sty
Package: emptypage 2010/05/30 v1.2 Suppress page numbers and headings on empty pages
) (c:/texlive/2023/texmf-dist/tex/latex/caption/subcaption.sty
Package: subcaption 2023/07/28 v1.6b Sub-captions (AR)
 (c:/texlive/2023/texmf-dist/tex/latex/caption/caption.sty
Package: caption 2023/08/05 v3.6o Customizing captions (AR)
 (c:/texlive/2023/texmf-dist/tex/latex/caption/caption3.sty
Package: caption3 2023/07/31 v2.4d caption3 kernel (AR)
\caption@tempdima=\dimen159
\captionmargin=\dimen160
\caption@leftmargin=\dimen161
\caption@rightmargin=\dimen162
\caption@width=\dimen163
\caption@indent=\dimen164
\caption@parindent=\dimen165
\caption@hangindent=\dimen166
Package caption Info: Standard document class detected.
)
\c@caption@flags=\count276
\c@continuedfloat=\count277
Package caption Info: float package is loaded.
Package caption Info: hyperref package is loaded.
)
Package caption Info: New subtype `subfigure' on input line 238.
\c@subfigure=\count278
Package caption Info: New subtype `subtable' on input line 238.
\c@subtable=\count279
) (c:/texlive/2023/texmf-dist/tex/latex/xcolor/xcolor.sty
Package: xcolor 2023/11/15 v3.01 LaTeX color extensions (UK)
 (c:/texlive/2023/texmf-dist/tex/latex/graphics-cfg/color.cfg
File: color.cfg 2016/01/02 v1.6 sample color configuration
)
Package xcolor Info: Driver file: luatex.def on input line 274.
 (c:/texlive/2023/texmf-dist/tex/latex/graphics/mathcolor.ltx)
Package xcolor Info: Model `cmy' substituted by `cmy0' on input line 1350.
Package xcolor Info: Model `hsb' substituted by `rgb' on input line 1354.
Package xcolor Info: Model `RGB' extended on input line 1366.
Package xcolor Info: Model `HTML' substituted by `rgb' on input line 1368.
Package xcolor Info: Model `Hsb' substituted by `hsb' on input line 1369.
Package xcolor Info: Model `tHsb' substituted by `hsb' on input line 1370.
Package xcolor Info: Model `HSB' substituted by `hsb' on input line 1371.
Package xcolor Info: Model `Gray' substituted by `gray' on input line 1372.
Package xcolor Info: Model `wave' substituted by `hsb' on input line 1373.
) (c:/texlive/2023/texmf-dist/tex/latex/graphics/dvipsnam.def
File: dvipsnam.def 2016/06/17 v3.0m Driver-dependent file (DPC,SPQR)
) (c:/texlive/2023/texmf-dist/tex/latex/colortbl/colortbl.sty
Package: colortbl 2022/06/20 v1.0f Color table columns (DPC)
 (c:/texlive/2023/texmf-dist/tex/latex/tools/array.sty
Package: array 2023/10/16 v2.5g Tabular extension package (FMi)
\col@sep=\dimen167
\ar@mcellbox=\box53
\extrarowheight=\dimen168
\NC@list=\toks21
\extratabsurround=\skip51
\backup@length=\skip52
\ar@cellbox=\box54
)
\everycr=\toks22
\minrowclearance=\skip53
\rownum=\count280
) (./Math.tex (c:/texlive/2023/texmf-dist/tex/latex/tikz-cd/tikz-cd.sty
Package: tikz-cd 2021/05/04 v1.0 Commutative diagrams with TikZ
 (c:/texlive/2023/texmf-dist/tex/latex/pgf/frontendlayer/tikz.sty (c:/texlive/2023/texmf-dist/tex/latex/pgf/basiclayer/pgf.sty (c:/texlive/2023/texmf-dist/tex/latex/pgf/utilities/pgfrcs.sty (c:/texlive/2023/texmf-dist/tex/generic/pgf/utilities/pgfutil-common.tex
\pgfutil@everybye=\toks23
\pgfutil@tempdima=\dimen169
\pgfutil@tempdimb=\dimen170
) (c:/texlive/2023/texmf-dist/tex/generic/pgf/utilities/pgfutil-latex.def
\pgfutil@abb=\box55
) (c:/texlive/2023/texmf-dist/tex/generic/pgf/utilities/pgfrcs.code.tex (c:/texlive/2023/texmf-dist/tex/generic/pgf/pgf.revision.tex)
Package: pgfrcs 2023-01-15 v3.1.10 (3.1.10)
))
Package: pgf 2023-01-15 v3.1.10 (3.1.10)
 (c:/texlive/2023/texmf-dist/tex/latex/pgf/basiclayer/pgfcore.sty (c:/texlive/2023/texmf-dist/tex/latex/pgf/systemlayer/pgfsys.sty (c:/texlive/2023/texmf-dist/tex/generic/pgf/systemlayer/pgfsys.code.tex
Package: pgfsys 2023-01-15 v3.1.10 (3.1.10)
 (c:/texlive/2023/texmf-dist/tex/generic/pgf/utilities/pgfkeys.code.tex
\pgfkeys@pathtoks=\toks24
\pgfkeys@temptoks=\toks25
 (c:/texlive/2023/texmf-dist/tex/generic/pgf/utilities/pgfkeyslibraryfiltered.code.tex
\pgfkeys@tmptoks=\toks26
))
\pgf@x=\dimen171
\pgf@y=\dimen172
\pgf@xa=\dimen173
\pgf@ya=\dimen174
\pgf@xb=\dimen175
\pgf@yb=\dimen176
\pgf@xc=\dimen177
\pgf@yc=\dimen178
\pgf@xd=\dimen179
\pgf@yd=\dimen180
\w@pgf@writea=\write3
\r@pgf@reada=\read2
\c@pgf@counta=\count281
\c@pgf@countb=\count282
\c@pgf@countc=\count283
\c@pgf@countd=\count284
\t@pgf@toka=\toks27
\t@pgf@tokb=\toks28
\t@pgf@tokc=\toks29
\pgf@sys@id@count=\count285
 (c:/texlive/2023/texmf-dist/tex/generic/pgf/systemlayer/pgf.cfg
File: pgf.cfg 2023-01-15 v3.1.10 (3.1.10)
)
Driver file for pgf: pgfsys-luatex.def
 (c:/texlive/2023/texmf-dist/tex/generic/pgf/systemlayer/pgfsys-luatex.def
File: pgfsys-luatex.def 2023-01-15 v3.1.10 (3.1.10)
 (c:/texlive/2023/texmf-dist/tex/generic/pgf/systemlayer/pgfsys-common-pdf.def
File: pgfsys-common-pdf.def 2023-01-15 v3.1.10 (3.1.10)
))) (c:/texlive/2023/texmf-dist/tex/generic/pgf/systemlayer/pgfsyssoftpath.code.tex
File: pgfsyssoftpath.code.tex 2023-01-15 v3.1.10 (3.1.10)
\pgfsyssoftpath@smallbuffer@items=\count286
\pgfsyssoftpath@bigbuffer@items=\count287
) (c:/texlive/2023/texmf-dist/tex/generic/pgf/systemlayer/pgfsysprotocol.code.tex
File: pgfsysprotocol.code.tex 2023-01-15 v3.1.10 (3.1.10)
)) (c:/texlive/2023/texmf-dist/tex/generic/pgf/basiclayer/pgfcore.code.tex
Package: pgfcore 2023-01-15 v3.1.10 (3.1.10)
 (c:/texlive/2023/texmf-dist/tex/generic/pgf/math/pgfmath.code.tex (c:/texlive/2023/texmf-dist/tex/generic/pgf/math/pgfmathutil.code.tex) (c:/texlive/2023/texmf-dist/tex/generic/pgf/math/pgfmathparser.code.tex
\pgfmath@dimen=\dimen181
\pgfmath@count=\count288
\pgfmath@box=\box56
\pgfmath@toks=\toks30
\pgfmath@stack@operand=\toks31
\pgfmath@stack@operation=\toks32
) (c:/texlive/2023/texmf-dist/tex/generic/pgf/math/pgfmathfunctions.code.tex) (c:/texlive/2023/texmf-dist/tex/generic/pgf/math/pgfmathfunctions.basic.code.tex) (c:/texlive/2023/texmf-dist/tex/generic/pgf/math/pgfmathfunctions.trigonometric.code.tex) (c:/texlive/2023/texmf-dist/tex/generic/pgf/math/pgfmathfunctions.random.code.tex) (c:/texlive/2023/texmf-dist/tex/generic/pgf/math/pgfmathfunctions.comparison.code.tex) (c:/texlive/2023/texmf-dist/tex/generic/pgf/math/pgfmathfunctions.base.code.tex) (c:/texlive/2023/texmf-dist/tex/generic/pgf/math/pgfmathfunctions.round.code.tex) (c:/texlive/2023/texmf-dist/tex/generic/pgf/math/pgfmathfunctions.misc.code.tex) (c:/texlive/2023/texmf-dist/tex/generic/pgf/math/pgfmathfunctions.integerarithmetics.code.tex) (c:/texlive/2023/texmf-dist/tex/generic/pgf/math/pgfmathcalc.code.tex) (c:/texlive/2023/texmf-dist/tex/generic/pgf/math/pgfmathfloat.code.tex
\c@pgfmathroundto@lastzeros=\count289
)) (c:/texlive/2023/texmf-dist/tex/generic/pgf/math/pgfint.code.tex) (c:/texlive/2023/texmf-dist/tex/generic/pgf/basiclayer/pgfcorepoints.code.tex
File: pgfcorepoints.code.tex 2023-01-15 v3.1.10 (3.1.10)
\pgf@picminx=\dimen182
\pgf@picmaxx=\dimen183
\pgf@picminy=\dimen184
\pgf@picmaxy=\dimen185
\pgf@pathminx=\dimen186
\pgf@pathmaxx=\dimen187
\pgf@pathminy=\dimen188
\pgf@pathmaxy=\dimen189
\pgf@xx=\dimen190
\pgf@xy=\dimen191
\pgf@yx=\dimen192
\pgf@yy=\dimen193
\pgf@zx=\dimen194
\pgf@zy=\dimen195
) (c:/texlive/2023/texmf-dist/tex/generic/pgf/basiclayer/pgfcorepathconstruct.code.tex
File: pgfcorepathconstruct.code.tex 2023-01-15 v3.1.10 (3.1.10)
\pgf@path@lastx=\dimen196
\pgf@path@lasty=\dimen197
) (c:/texlive/2023/texmf-dist/tex/generic/pgf/basiclayer/pgfcorepathusage.code.tex
File: pgfcorepathusage.code.tex 2023-01-15 v3.1.10 (3.1.10)
\pgf@shorten@end@additional=\dimen198
\pgf@shorten@start@additional=\dimen199
) (c:/texlive/2023/texmf-dist/tex/generic/pgf/basiclayer/pgfcorescopes.code.tex
File: pgfcorescopes.code.tex 2023-01-15 v3.1.10 (3.1.10)
\pgfpic=\box57
\pgf@hbox=\box58
\pgf@layerbox@main=\box59
\pgf@picture@serial@count=\count290
) (c:/texlive/2023/texmf-dist/tex/generic/pgf/basiclayer/pgfcoregraphicstate.code.tex
File: pgfcoregraphicstate.code.tex 2023-01-15 v3.1.10 (3.1.10)
\pgflinewidth=\dimen256
) (c:/texlive/2023/texmf-dist/tex/generic/pgf/basiclayer/pgfcoretransformations.code.tex
File: pgfcoretransformations.code.tex 2023-01-15 v3.1.10 (3.1.10)
\pgf@pt@x=\dimen257
\pgf@pt@y=\dimen258
\pgf@pt@temp=\dimen259
) (c:/texlive/2023/texmf-dist/tex/generic/pgf/basiclayer/pgfcorequick.code.tex
File: pgfcorequick.code.tex 2023-01-15 v3.1.10 (3.1.10)
) (c:/texlive/2023/texmf-dist/tex/generic/pgf/basiclayer/pgfcoreobjects.code.tex
File: pgfcoreobjects.code.tex 2023-01-15 v3.1.10 (3.1.10)
) (c:/texlive/2023/texmf-dist/tex/generic/pgf/basiclayer/pgfcorepathprocessing.code.tex
File: pgfcorepathprocessing.code.tex 2023-01-15 v3.1.10 (3.1.10)
) (c:/texlive/2023/texmf-dist/tex/generic/pgf/basiclayer/pgfcorearrows.code.tex
File: pgfcorearrows.code.tex 2023-01-15 v3.1.10 (3.1.10)
\pgfarrowsep=\dimen260
) (c:/texlive/2023/texmf-dist/tex/generic/pgf/basiclayer/pgfcoreshade.code.tex
File: pgfcoreshade.code.tex 2023-01-15 v3.1.10 (3.1.10)
\pgf@max=\dimen261
\pgf@sys@shading@range@num=\count291
\pgf@shadingcount=\count292
) (c:/texlive/2023/texmf-dist/tex/generic/pgf/basiclayer/pgfcoreimage.code.tex
File: pgfcoreimage.code.tex 2023-01-15 v3.1.10 (3.1.10)
) (c:/texlive/2023/texmf-dist/tex/generic/pgf/basiclayer/pgfcoreexternal.code.tex
File: pgfcoreexternal.code.tex 2023-01-15 v3.1.10 (3.1.10)
\pgfexternal@startupbox=\box60
) (c:/texlive/2023/texmf-dist/tex/generic/pgf/basiclayer/pgfcorelayers.code.tex
File: pgfcorelayers.code.tex 2023-01-15 v3.1.10 (3.1.10)
) (c:/texlive/2023/texmf-dist/tex/generic/pgf/basiclayer/pgfcoretransparency.code.tex
File: pgfcoretransparency.code.tex 2023-01-15 v3.1.10 (3.1.10)
) (c:/texlive/2023/texmf-dist/tex/generic/pgf/basiclayer/pgfcorepatterns.code.tex
File: pgfcorepatterns.code.tex 2023-01-15 v3.1.10 (3.1.10)
) (c:/texlive/2023/texmf-dist/tex/generic/pgf/basiclayer/pgfcorerdf.code.tex
File: pgfcorerdf.code.tex 2023-01-15 v3.1.10 (3.1.10)
))) (c:/texlive/2023/texmf-dist/tex/generic/pgf/modules/pgfmoduleshapes.code.tex
File: pgfmoduleshapes.code.tex 2023-01-15 v3.1.10 (3.1.10)
\pgfnodeparttextbox=\box61
) (c:/texlive/2023/texmf-dist/tex/generic/pgf/modules/pgfmoduleplot.code.tex
File: pgfmoduleplot.code.tex 2023-01-15 v3.1.10 (3.1.10)
) (c:/texlive/2023/texmf-dist/tex/latex/pgf/compatibility/pgfcomp-version-0-65.sty
Package: pgfcomp-version-0-65 2023-01-15 v3.1.10 (3.1.10)
\pgf@nodesepstart=\dimen262
\pgf@nodesepend=\dimen263
) (c:/texlive/2023/texmf-dist/tex/latex/pgf/compatibility/pgfcomp-version-1-18.sty
Package: pgfcomp-version-1-18 2023-01-15 v3.1.10 (3.1.10)
)) (c:/texlive/2023/texmf-dist/tex/latex/pgf/utilities/pgffor.sty (c:/texlive/2023/texmf-dist/tex/latex/pgf/utilities/pgfkeys.sty (c:/texlive/2023/texmf-dist/tex/generic/pgf/utilities/pgfkeys.code.tex)) (c:/texlive/2023/texmf-dist/tex/latex/pgf/math/pgfmath.sty (c:/texlive/2023/texmf-dist/tex/generic/pgf/math/pgfmath.code.tex)) (c:/texlive/2023/texmf-dist/tex/generic/pgf/utilities/pgffor.code.tex
Package: pgffor 2023-01-15 v3.1.10 (3.1.10)
\pgffor@iter=\dimen264
\pgffor@skip=\dimen265
\pgffor@stack=\toks33
\pgffor@toks=\toks34
)) (c:/texlive/2023/texmf-dist/tex/generic/pgf/frontendlayer/tikz/tikz.code.tex
Package: tikz 2023-01-15 v3.1.10 (3.1.10)
 (c:/texlive/2023/texmf-dist/tex/generic/pgf/libraries/pgflibraryplothandlers.code.tex
File: pgflibraryplothandlers.code.tex 2023-01-15 v3.1.10 (3.1.10)
\pgf@plot@mark@count=\count293
\pgfplotmarksize=\dimen266
)
\tikz@lastx=\dimen267
\tikz@lasty=\dimen268
\tikz@lastxsaved=\dimen269
\tikz@lastysaved=\dimen270
\tikz@lastmovetox=\dimen271
\tikz@lastmovetoy=\dimen272
\tikzleveldistance=\dimen273
\tikzsiblingdistance=\dimen274
\tikz@figbox=\box62
\tikz@figbox@bg=\box63
\tikz@tempbox=\box64
\tikz@tempbox@bg=\box65
\tikztreelevel=\count294
\tikznumberofchildren=\count295
\tikznumberofcurrentchild=\count296
\tikz@fig@count=\count297
 (c:/texlive/2023/texmf-dist/tex/generic/pgf/modules/pgfmodulematrix.code.tex
File: pgfmodulematrix.code.tex 2023-01-15 v3.1.10 (3.1.10)
\pgfmatrixcurrentrow=\count298
\pgfmatrixcurrentcolumn=\count299
\pgf@matrix@numberofcolumns=\count300
)
\tikz@expandcount=\count301
 (c:/texlive/2023/texmf-dist/tex/generic/pgf/frontendlayer/tikz/libraries/tikzlibrarytopaths.code.tex
File: tikzlibrarytopaths.code.tex 2023-01-15 v3.1.10 (3.1.10)
))) (c:/texlive/2023/texmf-dist/tex/generic/tikz-cd/tikzlibrarycd.code.tex (c:/texlive/2023/texmf-dist/tex/generic/pgf/frontendlayer/tikz/libraries/tikzlibrarymatrix.code.tex
File: tikzlibrarymatrix.code.tex 2023-01-15 v3.1.10 (3.1.10)
) (c:/texlive/2023/texmf-dist/tex/generic/pgf/frontendlayer/tikz/libraries/tikzlibraryquotes.code.tex
File: tikzlibraryquotes.code.tex 2023-01-15 v3.1.10 (3.1.10)
) (c:/texlive/2023/texmf-dist/tex/generic/pgf/libraries/pgflibraryarrows.meta.code.tex
File: pgflibraryarrows.meta.code.tex 2023-01-15 v3.1.10 (3.1.10)
\pgfarrowinset=\dimen275
\pgfarrowlength=\dimen276
\pgfarrowwidth=\dimen277
\pgfarrowlinewidth=\dimen278
))) (c:/texlive/2023/texmf-dist/tex/generic/pgf/frontendlayer/tikz/libraries/tikzlibrarycalc.code.tex
File: tikzlibrarycalc.code.tex 2023-01-15 v3.1.10 (3.1.10)
) (c:/texlive/2023/texmf-dist/tex/generic/pgf/frontendlayer/tikz/libraries/tikzlibrarydecorations.pathmorphing.code.tex (c:/texlive/2023/texmf-dist/tex/generic/pgf/frontendlayer/tikz/libraries/tikzlibrarydecorations.code.tex (c:/texlive/2023/texmf-dist/tex/generic/pgf/modules/pgfmoduledecorations.code.tex
\pgfdecoratedcompleteddistance=\dimen279
\pgfdecoratedremainingdistance=\dimen280
\pgfdecoratedinputsegmentcompleteddistance=\dimen281
\pgfdecoratedinputsegmentremainingdistance=\dimen282
\pgf@decorate@distancetomove=\dimen283
\pgf@decorate@repeatstate=\count302
\pgfdecorationsegmentamplitude=\dimen284
\pgfdecorationsegmentlength=\dimen285
)
\tikz@lib@dec@box=\box66
) (c:/texlive/2023/texmf-dist/tex/generic/pgf/libraries/decorations/pgflibrarydecorations.pathmorphing.code.tex)) (c:/texlive/2023/texmf-dist/tex/latex/physics/physics.sty
Package: physics 
 (c:/texlive/2023/texmf-dist/tex/latex/l3packages/xparse/xparse.sty (c:/texlive/2023/texmf-dist/tex/latex/l3kernel/expl3.sty
Package: expl3 2023-11-09 L3 programming layer (loader) 
 (c:/texlive/2023/texmf-dist/tex/latex/l3backend/l3backend-luatex.def
File: l3backend-luatex.def 2023-11-09 L3 backend support: PDF output (LuaTeX)
\l__color_backend_stack_int=\count303
Inserting `l3color' in `luaotfload.parse_color'.
\l__pdf_internal_box=\box67
))
Package: xparse 2023-10-10 L3 Experimental document command parser
) (c:/texlive/2023/texmf-dist/tex/latex/amsmath/amsmath.sty
Package: amsmath 2023/05/13 v2.17o AMS math features
\@mathmargin=\skip54

For additional information on amsmath, use the `?' option.
(c:/texlive/2023/texmf-dist/tex/latex/amsmath/amstext.sty
Package: amstext 2021/08/26 v2.01 AMS text
 (c:/texlive/2023/texmf-dist/tex/latex/amsmath/amsgen.sty
File: amsgen.sty 1999/11/30 v2.0 generic functions
\@emptytoks=\toks35
\ex@=\dimen286
)) (c:/texlive/2023/texmf-dist/tex/latex/amsmath/amsbsy.sty
Package: amsbsy 1999/11/29 v1.2d Bold Symbols
\pmbraise@=\dimen287
) (c:/texlive/2023/texmf-dist/tex/latex/amsmath/amsopn.sty
Package: amsopn 2022/04/08 v2.04 operator names
)
\inf@bad=\count304
LaTeX Info: Redefining \frac on input line 236.
\uproot@=\count305
\leftroot@=\count306
LaTeX Info: Redefining \overline on input line 399.
LaTeX Info: Redefining \colon on input line 410.
\classnum@=\count307
\DOTSCASE@=\count308
LaTeX Info: Redefining \ldots on input line 496.
LaTeX Info: Redefining \dots on input line 499.
LaTeX Info: Redefining \cdots on input line 620.
\Mathstrutbox@=\box68
\strutbox@=\box69
LaTeX Info: Redefining \big on input line 722.
LaTeX Info: Redefining \Big on input line 723.
LaTeX Info: Redefining \bigg on input line 724.
LaTeX Info: Redefining \Bigg on input line 725.
\big@size=\dimen288
LaTeX Font Info:    Redeclaring font encoding OML on input line 743.
LaTeX Font Info:    Redeclaring font encoding OMS on input line 744.
\macc@depth=\count309
LaTeX Info: Redefining \bmod on input line 905.
LaTeX Info: Redefining \pmod on input line 910.
LaTeX Info: Redefining \smash on input line 940.
LaTeX Info: Redefining \relbar on input line 970.
LaTeX Info: Redefining \Relbar on input line 971.
\c@MaxMatrixCols=\count310
\dotsspace@=\muskip17
\c@parentequation=\count311
\dspbrk@lvl=\count312
\tag@help=\toks36
\row@=\count313
\column@=\count314
\maxfields@=\count315
\andhelp@=\toks37
\eqnshift@=\dimen289
\alignsep@=\dimen290
\tagshift@=\dimen291
\tagwidth@=\dimen292
\totwidth@=\dimen293
\lineht@=\dimen294
\@envbody=\toks38
\multlinegap=\skip55
\multlinetaggap=\skip56
\mathdisplay@stack=\toks39
LaTeX Info: Redefining \[ on input line 2953.
LaTeX Info: Redefining \] on input line 2954.
)) (c:/texlive/2023/texmf-dist/tex/latex/complexity/complexity.sty
Package: complexity 09/16/17  v0.81a
 (c:/texlive/2023/texmf-dist/tex/latex/base/ifthen.sty
Package: ifthen 2022/04/13 v1.1d Standard LaTeX ifthen package (DPC)
) (c:/texlive/2023/texmf-dist/tex/latex/complexity/mycomplexity.sty)) (c:/texlive/2023/texmf-dist/tex/latex/stmaryrd/stmaryrd.sty
Package: stmaryrd 1994/03/03 St Mary's Road symbol package
\symstmry=\mathgroup4
LaTeX Font Info:    Overwriting symbol font `stmry' in version `bold'
(Font)                  U/stmry/m/n --> U/stmry/b/n on input line 89.
) (c:/texlive/2023/texmf-dist/tex/latex/tools/bm.sty
Package: bm 2023/07/08 v1.2f Bold Symbol Support (DPC/FMi)
\symboldoperators=\mathgroup5
\symboldletters=\mathgroup6
\symboldsymbols=\mathgroup7
Package bm Info: No bold for \OMX/cmex/m/n, using \pmb.
\symboldstmry=\mathgroup8
LaTeX Font Info:    Redeclaring math alphabet \mathbf on input line 149.
) (c:/texlive/2023/texmf-dist/tex/latex/bbm-macros/bbm.sty
Package: bbm 1999/03/15 V 1.2 provides fonts for set symbols - TH
LaTeX Font Info:    Overwriting math alphabet `\mathbbm' in version `bold'
(Font)                  U/bbm/m/n --> U/bbm/bx/n on input line 33.
LaTeX Font Info:    Overwriting math alphabet `\mathbbmss' in version `bold'
(Font)                  U/bbmss/m/n --> U/bbmss/bx/n on input line 35.
) (c:/texlive/2023/texmf-dist/tex/latex/import/import.sty
Package: import 2020/04/01  v 6.2
) (c:/texlive/2023/texmf-dist/tex/latex/xifthen/xifthen.sty
Package: xifthen 2015/11/05 v1.4.0 Extended ifthen features
 (c:/texlive/2023/texmf-dist/tex/latex/tools/calc.sty
Package: calc 2023/07/08 v4.3 Infix arithmetic (KKT,FJ)
\calc@Acount=\count316
\calc@Bcount=\count317
\calc@Adimen=\dimen295
\calc@Bdimen=\dimen296
\calc@Askip=\skip57
\calc@Bskip=\skip58
LaTeX Info: Redefining \setlength on input line 80.
LaTeX Info: Redefining \addtolength on input line 81.
\calc@Ccount=\count318
\calc@Cskip=\skip59
) (c:/texlive/2023/texmf-dist/tex/latex/ifmtarg/ifmtarg.sty
Package: ifmtarg 2018/04/16 v1.2b check for an empty argument
)) (c:/texlive/2023/texmf-dist/tex/latex/pdfpages/pdfpages.sty
Package: pdfpages 2022/12/19 v0.5x Insert pages of external PDF documents (AM)
 (c:/texlive/2023/texmf-dist/tex/latex/eso-pic/eso-pic.sty
Package: eso-pic 2023/05/03 v3.0c eso-pic (RN)
\ESO@tempdima=\dimen297
\ESO@tempdimb=\dimen298
)
\AM@pagewidth=\dimen299
\AM@pageheight=\dimen300
\AM@fboxrule=\dimen301
 (c:/texlive/2023/texmf-dist/tex/latex/pdfpages/ppluatex.def
File: ppluatex.def 2022/12/19 v0.5x Pdfpages driver for LuaTeX (AM)
)
\pdfpages@includegraphics@status=\count319
\AM@pagebox=\box70
\AM@global@opts=\toks40
\AM@pagecnt=\count320
\AM@toc@title=\toks41
\AM@lof@heading=\toks42
\c@AM@survey=\count321
\AM@templatesizebox=\box71
) (c:/texlive/2023/texmf-dist/tex/latex/transparent/transparent.sty
Package: transparent 2022-10-27 v1.5 Transparency with color stacks
 (c:/texlive/2023/texmf-dist/tex/latex/transparent/transparent-nometadata.sty
Package: transparent-nometadata 2022-10-27 v1.5 Transparency via pdfTeX's color stack (HO)
))) (c:/texlive/2023/texmf-dist/tex/latex/amsfonts/amsfonts.sty
Package: amsfonts 2013/01/14 v3.01 Basic AMSFonts support
\symAMSa=\mathgroup9
\symAMSb=\mathgroup10
LaTeX Font Info:    Redeclaring math symbol \hbar on input line 98.
LaTeX Font Info:    Overwriting math alphabet `\mathfrak' in version `bold'
(Font)                  U/euf/m/n --> U/euf/b/n on input line 106.
) (c:/texlive/2023/texmf-dist/tex/latex/mathtools/mathtools.sty
Package: mathtools 2022/06/29 v1.29 mathematical typesetting tools
 (c:/texlive/2023/texmf-dist/tex/latex/mathtools/mhsetup.sty
Package: mhsetup 2021/03/18 v1.4 programming setup (MH)
)
\g_MT_multlinerow_int=\count322
\l_MT_multwidth_dim=\dimen302
\origjot=\skip60
\l_MT_shortvdotswithinadjustabove_dim=\dimen303
\l_MT_shortvdotswithinadjustbelow_dim=\dimen304
\l_MT_above_intertext_sep=\dimen305
\l_MT_below_intertext_sep=\dimen306
\l_MT_above_shortintertext_sep=\dimen307
\l_MT_below_shortintertext_sep=\dimen308
\xmathstrut@box=\box72
\xmathstrut@dim=\dimen309
) (c:/texlive/2023/texmf-dist/tex/latex/amscls/amsthm.sty
Package: amsthm 2020/05/29 v2.20.6
\thm@style=\toks43
\thm@bodyfont=\toks44
\thm@headfont=\toks45
\thm@notefont=\toks46
\thm@headpunct=\toks47
\thm@preskip=\skip61
\thm@postskip=\skip62
\thm@headsep=\skip63
\dth@everypar=\toks48
) (c:/texlive/2023/texmf-dist/tex/latex/amsfonts/amssymb.sty
Package: amssymb 2013/01/14 v3.01 AMS font symbols
LaTeX Font Info:    Redeclaring math symbol \boxdot on input line 44.
) (c:/texlive/2023/texmf-dist/tex/latex/geometry/geometry.sty
Package: geometry 2020/01/02 v5.9 Page Geometry
 (c:/texlive/2023/texmf-dist/tex/generic/iftex/ifvtex.sty
Package: ifvtex 2019/10/25 v1.7 ifvtex legacy package. Use iftex instead.
)
\Gm@cnth=\count323
\Gm@cntv=\count324
\c@Gm@tempcnt=\count325
\Gm@bindingoffset=\dimen310
\Gm@wd@mp=\dimen311
\Gm@odd@mp=\dimen312
\Gm@even@mp=\dimen313
\Gm@layoutwidth=\dimen314
\Gm@layoutheight=\dimen315
\Gm@layouthoffset=\dimen316
\Gm@layoutvoffset=\dimen317
\Gm@dimlist=\toks49
) (c:/texlive/2023/texmf-dist/tex/latex/jknapltx/mathrsfs.sty
Package: mathrsfs 1996/01/01 Math RSFS package v1.0 (jk)
\symrsfs=\mathgroup11
) (c:/texlive/2023/texmf-dist/tex/latex/cancel/cancel.sty
Package: cancel 2013/04/12 v2.2 Cancel math terms
) (c:/texlive/2023/texmf-dist/tex/generic/systeme/systeme.sty (c:/texlive/2023/texmf-dist/tex/generic/xstring/xstring.sty (c:/texlive/2023/texmf-dist/tex/generic/xstring/xstring.tex
\xs_counta=\count326
\xs_countb=\count327
)
Package: xstring 2023/08/22 v1.86 String manipulations (CT)
) (c:/texlive/2023/texmf-dist/tex/generic/systeme/systeme.tex
\SYS_systemecode=\toks50
\SYS_systempreamble=\toks51
\SYSeqnum=\count328
)
Package: systeme 2020/05/03 v0.34 Mise en forme de systemes d'equations (CT)
) (c:/texlive/2023/texmf-dist/tex/latex/enumitem/enumitem.sty
Package: enumitem 2019/06/20 v3.9 Customized lists
\labelindent=\skip64
\enit@outerparindent=\dimen318
\enit@toks=\toks52
\enit@inbox=\box73
\enit@count@id=\count329
\enitdp@description=\count330
) (c:/texlive/2023/texmf-dist/tex/latex/tools/multicol.sty
Package: multicol 2023/03/30 v1.9f multicolumn formatting (FMi)
\c@tracingmulticols=\count331
\mult@box=\box74
\multicol@leftmargin=\dimen319
\c@unbalance=\count332
\c@collectmore=\count333
\doublecol@number=\count334
\multicoltolerance=\count335
\multicolpretolerance=\count336
\full@width=\dimen320
\page@free=\dimen321
\premulticols=\dimen322
\postmulticols=\dimen323
\multicolsep=\skip65
\multicolbaselineskip=\skip66
\partial@page=\box75
\last@line=\box76
\mc@boxedresult=\box77
\maxbalancingoverflow=\dimen324
\mult@rightbox=\box78
\mult@grightbox=\box79
\mult@firstbox=\box80
\mult@gfirstbox=\box81
\@tempa=\box82
\@tempa=\box83
\@tempa=\box84
\@tempa=\box85
\@tempa=\box86
\@tempa=\box87
\@tempa=\box88
\@tempa=\box89
\@tempa=\box90
\@tempa=\box91
\@tempa=\box92
\@tempa=\box93
\@tempa=\box94
\@tempa=\box95
\@tempa=\box96
\@tempa=\box97
\@tempa=\box98
\@tempa=\box99
\@tempa=\box100
\@tempa=\box101
\@tempa=\box102
\@tempa=\box103
\@tempa=\box104
\@tempa=\box105
\@tempa=\box106
\@tempa=\box107
\@tempa=\box108
\@tempa=\box109
\@tempa=\box110
\@tempa=\box111
\@tempa=\box112
\@tempa=\box113
\@tempa=\box114
\@tempa=\box115
\@tempa=\box116
\@tempa=\box117
\c@minrows=\count337
\c@columnbadness=\count338
\c@finalcolumnbadness=\count339
\last@try=\dimen325
\multicolovershoot=\dimen326
\multicolundershoot=\dimen327
\mult@nat@firstbox=\box118
\colbreak@box=\box119
\mc@col@check@num=\count340
) (c:/texlive/2023/texmf-dist/tex/latex/multirow/bigdelim.sty
Package: bigdelim 2021/03/15 v2.8 Create big delimiters in tabular or array
 (c:/texlive/2023/texmf-dist/tex/latex/multirow/multirow.sty
Package: multirow 2021/03/15 v2.8 Span multiple rows of a table
\multirow@colwidth=\skip67
\multirow@cntb=\count341
\multirow@dima=\skip68
\bigstrutjot=\dimen328
)) (c:/texlive/2023/texmf-dist/tex/generic/pgf/frontendlayer/tikz/libraries/tikzlibraryintersections.code.tex (c:/texlive/2023/texmf-dist/tex/generic/pgf/libraries/pgflibraryintersections.code.tex (c:/texlive/2023/texmf-dist/tex/generic/pgf/libraries/pgflibraryfpu.code.tex)
\pgf@intersect@solutions=\count342
)) (c:/texlive/2023/texmf-dist/tex/generic/pgf/frontendlayer/tikz/libraries/tikzlibraryangles.code.tex
File: tikzlibraryangles.code.tex 2023-01-15 v3.1.10 (3.1.10)
) (c:/texlive/2023/texmf-dist/tex/generic/pgf/frontendlayer/tikz/libraries/tikzlibrarypositioning.code.tex
File: tikzlibrarypositioning.code.tex 2023-01-15 v3.1.10 (3.1.10)
) (c:/texlive/2023/texmf-dist/tex/latex/pgfplots/pgfplots.sty (c:/texlive/2023/texmf-dist/tex/generic/pgfplots/pgfplots.revision.tex)
Package: pgfplots 2021/05/15 v1.18.1 Data Visualization (1.18.1)
 (c:/texlive/2023/texmf-dist/tex/generic/pgfplots/pgfplots.code.tex (c:/texlive/2023/texmf-dist/tex/generic/pgfplots/pgfplotscore.code.tex
Package pgfplots info on input line 124: Initializing with LUA version Lua 5.3
\pgfplots@luabackend@table=\catcodetable14
\t@pgfplots@toka=\toks53
\t@pgfplots@tokb=\toks54
\t@pgfplots@tokc=\toks55
\pgfplots@tmpa=\dimen329
\c@pgfplots@coordindex=\count343
\c@pgfplots@scanlineindex=\count344
 (c:/texlive/2023/texmf-dist/tex/generic/pgfplots/sys/pgfplotssysgeneric.code.tex)) (c:/texlive/2023/texmf-dist/tex/generic/pgfplots/libs/pgfplotslibrary.code.tex) (c:/texlive/2023/texmf-dist/tex/generic/pgfplots/oldpgfcompatib/pgfplotsoldpgfsupp_loader.code.tex
Package pgfplots: loading complementary utilities for your pgf version...
\t@pgf@toka=\toks56
\t@pgf@tokb=\toks57
\t@pgf@tokc=\toks58
(c:/texlive/2023/texmf-dist/tex/generic/pgfplots/oldpgfcompatib/pgfplotsoldpgfsupp_pgfutil-common-lists.tex) (c:/texlive/2023/texmf-dist/tex/generic/pgf/libraries/luamath/pgflibraryluamath.code.tex)
Package pgfplots info on input line 290: luamath library shipped with pgf 3.1.10 is up-to-date
) (c:/texlive/2023/texmf-dist/tex/generic/pgfplots/util/pgfplotsutil.code.tex
Package pgfplots info on input line 82: Found new luatex: initializing lua commands instead of write18 (shell-escape)
 (c:/texlive/2023/texmf-dist/tex/generic/pgfplots/liststructure/pgfplotsliststructure.code.tex) (c:/texlive/2023/texmf-dist/tex/generic/pgfplots/liststructure/pgfplotsliststructureext.code.tex) (c:/texlive/2023/texmf-dist/tex/generic/pgfplots/liststructure/pgfplotsarray.code.tex
\c@pgfplotsarray@tmp=\count345
) (c:/texlive/2023/texmf-dist/tex/generic/pgfplots/liststructure/pgfplotsmatrix.code.tex) (c:/texlive/2023/texmf-dist/tex/generic/pgfplots/numtable/pgfplotstableshared.code.tex
\c@pgfplotstable@counta=\count346
\t@pgfplotstable@a=\toks59
) (c:/texlive/2023/texmf-dist/tex/generic/pgfplots/liststructure/pgfplotsdeque.code.tex) (c:/texlive/2023/texmf-dist/tex/generic/pgfplots/util/pgfplotsbinary.code.tex (c:/texlive/2023/texmf-dist/tex/generic/pgfplots/util/pgfplotsbinary.data.code.tex)) (c:/texlive/2023/texmf-dist/tex/generic/pgfplots/util/pgfplotsutil.verb.code.tex) (c:/texlive/2023/texmf-dist/tex/generic/pgfplots/libs/pgflibrarypgfplots.surfshading.code.tex
\c@pgfplotslibrarysurf@no=\count347
 (c:/texlive/2023/texmf-dist/tex/generic/pgfplots/sys/pgflibrarypgfplots.surfshading.pgfsys-luatex.def))) (c:/texlive/2023/texmf-dist/tex/generic/pgfplots/util/pgfplotscolormap.code.tex (c:/texlive/2023/texmf-dist/tex/generic/pgfplots/util/pgfplotscolor.code.tex)) (c:/texlive/2023/texmf-dist/tex/generic/pgfplots/pgfplotsstackedplots.code.tex) (c:/texlive/2023/texmf-dist/tex/generic/pgfplots/pgfplotsplothandlers.code.tex (c:/texlive/2023/texmf-dist/tex/generic/pgfplots/pgfplotsmeshplothandler.code.tex (c:/texlive/2023/texmf-dist/tex/generic/pgfplots/pgfplotsmeshplotimage.code.tex))) (c:/texlive/2023/texmf-dist/tex/generic/pgfplots/pgfplots.scaling.code.tex) (c:/texlive/2023/texmf-dist/tex/generic/pgfplots/pgfplotscoordprocessing.code.tex) (c:/texlive/2023/texmf-dist/tex/generic/pgfplots/pgfplots.errorbars.code.tex) (c:/texlive/2023/texmf-dist/tex/generic/pgfplots/pgfplots.markers.code.tex) (c:/texlive/2023/texmf-dist/tex/generic/pgfplots/pgfplotsticks.code.tex) (c:/texlive/2023/texmf-dist/tex/generic/pgfplots/pgfplots.paths.code.tex) (c:/texlive/2023/texmf-dist/tex/generic/pgf/frontendlayer/tikz/libraries/tikzlibrarydecorations.pathreplacing.code.tex (c:/texlive/2023/texmf-dist/tex/generic/pgf/libraries/decorations/pgflibrarydecorations.pathreplacing.code.tex)) (c:/texlive/2023/texmf-dist/tex/generic/pgfplots/libs/tikzlibrarypgfplots.contourlua.code.tex)
\pgfplots@numplots=\count348
\pgfplots@xmin@reg=\dimen330
\pgfplots@xmax@reg=\dimen331
\pgfplots@ymin@reg=\dimen332
\pgfplots@ymax@reg=\dimen333
\pgfplots@zmin@reg=\dimen334
\pgfplots@zmax@reg=\dimen335
) (c:/texlive/2023/texmf-dist/tex/generic/pgf/frontendlayer/tikz/libraries/tikzlibraryplotmarks.code.tex
File: tikzlibraryplotmarks.code.tex 2023-01-15 v3.1.10 (3.1.10)
 (c:/texlive/2023/texmf-dist/tex/generic/pgf/libraries/pgflibraryplotmarks.code.tex
File: pgflibraryplotmarks.code.tex 2023-01-15 v3.1.10 (3.1.10)
))) (c:/texlive/2023/texmf-dist/tex/latex/algorithm2e/algorithm2e.sty
Package: algorithm2e 2017/07/18 v5.2 algorithms environments
\c@AlgoLine=\count349
\algocf@hangindent=\skip69
 (c:/texlive/2023/texmf-dist/tex/latex/ifoddpage/ifoddpage.sty
Package: ifoddpage 2022/10/18 v1.2 Conditionals for odd/even page detection
\c@checkoddpage=\count350
) (c:/texlive/2023/texmf-dist/tex/latex/tools/xspace.sty
Package: xspace 2014/10/28 v1.13 Space after command names (DPC,MH)
) (c:/texlive/2023/texmf-dist/tex/latex/relsize/relsize.sty
Package: relsize 2013/03/29 ver 4.1
)
\skiptotal=\skip70
\skiplinenumber=\skip71
\skiprule=\skip72
\skiphlne=\skip73
\skiptext=\skip74
\skiplength=\skip75
\algomargin=\skip76
\skipalgocfslide=\skip77
\algowidth=\dimen336
\inoutsize=\dimen337
\inoutindent=\dimen338
\interspacetitleruled=\dimen339
\interspacealgoruled=\dimen340
\interspacetitleboxruled=\dimen341
\algocf@ruledwidth=\skip78
\algocf@inoutbox=\box120
\algocf@inputbox=\box121
\AlCapSkip=\skip79
\AlCapHSkip=\skip80
\algoskipindent=\skip81
\algocf@nlbox=\box122
\algocf@hangingbox=\box123
\algocf@untilbox=\box124
\algocf@skipuntil=\skip82
\algocf@capbox=\box125
\algocf@lcaptionbox=\skip83
\algoheightruledefault=\skip84
\algoheightrule=\skip85
\algotitleheightruledefault=\skip86
\algotitleheightrule=\skip87
\c@algocfline=\count351
\c@algocfproc=\count352
\c@algocf=\count353
\algocf@algoframe=\box126
\algocf@algobox=\box127
) (c:/texlive/2023/texmf-dist/tex/latex/thmtools/thmtools.sty
Package: thmtools 2023/05/04 v0.76
\thmt@toks=\toks60
\c@thmt@dummyctr=\count354
 (c:/texlive/2023/texmf-dist/tex/latex/thmtools/thm-patch.sty
Package: thm-patch 2023/05/04 v0.76
 (c:/texlive/2023/texmf-dist/tex/latex/thmtools/parseargs.sty
Package: parseargs 2023/05/04 v0.76
\@parsespec=\toks61
)) (c:/texlive/2023/texmf-dist/tex/latex/thmtools/thm-kv.sty
Package: thm-kv 2023/05/04 v0.76
Package thm-kv Info: Theorem names will be uppercased on input line 42.
Package thm-kv Info: kvsetkeys patch (v1.16 or later) on input line 158.
) (c:/texlive/2023/texmf-dist/tex/latex/thmtools/thm-autoref.sty
Package: thm-autoref 2023/05/04 v0.76
 (c:/texlive/2023/texmf-dist/tex/latex/thmtools/aliasctr.sty
Package: aliasctr 2023/05/04 v0.76
)) (c:/texlive/2023/texmf-dist/tex/latex/thmtools/thm-listof.sty
Package: thm-listof 2023/05/04 v0.76
) (c:/texlive/2023/texmf-dist/tex/latex/thmtools/thm-restate.sty
Package: thm-restate 2023/05/04 v0.76
) (c:/texlive/2023/texmf-dist/tex/latex/thmtools/thm-amsthm.sty
Package: thm-amsthm 2023/05/04 v0.76
\thmt@style@headstyle=\toks62
)) (c:/texlive/2023/texmf-dist/tex/latex/mdframed/mdframed.sty
Package: mdframed 2013/07/01 1.9b: mdframed
 (c:/texlive/2023/texmf-dist/tex/latex/zref/zref-abspage.sty
Package: zref-abspage 2023-09-14 v2.35 Module abspage for zref (HO)
 (c:/texlive/2023/texmf-dist/tex/latex/zref/zref-base.sty
Package: zref-base 2023-09-14 v2.35 Module base for zref (HO)
 (c:/texlive/2023/texmf-dist/tex/generic/etexcmds/etexcmds.sty
Package: etexcmds 2019/12/15 v1.7 Avoid name clashes with e-TeX commands (HO)
)
Package zref Info: New property list: main on input line 767.
Package zref Info: New property: default on input line 768.
Package zref Info: New property: page on input line 769.
)
\c@abspage=\count355
Package zref Info: New property: abspage on input line 67.
) (c:/texlive/2023/texmf-dist/tex/latex/needspace/needspace.sty
Package: needspace 2010/09/12 v1.3d reserve vertical space
)
\mdf@templength=\skip88
\c@mdf@globalstyle@cnt=\count356
\mdf@skipabove@length=\skip89
\mdf@skipbelow@length=\skip90
\mdf@leftmargin@length=\skip91
\mdf@rightmargin@length=\skip92
\mdf@innerleftmargin@length=\skip93
\mdf@innerrightmargin@length=\skip94
\mdf@innertopmargin@length=\skip95
\mdf@innerbottommargin@length=\skip96
\mdf@splittopskip@length=\skip97
\mdf@splitbottomskip@length=\skip98
\mdf@outermargin@length=\skip99
\mdf@innermargin@length=\skip100
\mdf@linewidth@length=\skip101
\mdf@innerlinewidth@length=\skip102
\mdf@middlelinewidth@length=\skip103
\mdf@outerlinewidth@length=\skip104
\mdf@roundcorner@length=\skip105
\mdf@footenotedistance@length=\skip106
\mdf@userdefinedwidth@length=\skip107
\mdf@needspace@length=\skip108
\mdf@frametitleaboveskip@length=\skip109
\mdf@frametitlebelowskip@length=\skip110
\mdf@frametitlerulewidth@length=\skip111
\mdf@frametitleleftmargin@length=\skip112
\mdf@frametitlerightmargin@length=\skip113
\mdf@shadowsize@length=\skip114
\mdf@extratopheight@length=\skip115
\mdf@subtitleabovelinewidth@length=\skip116
\mdf@subtitlebelowlinewidth@length=\skip117
\mdf@subtitleaboveskip@length=\skip118
\mdf@subtitlebelowskip@length=\skip119
\mdf@subtitleinneraboveskip@length=\skip120
\mdf@subtitleinnerbelowskip@length=\skip121
\mdf@subsubtitleabovelinewidth@length=\skip122
\mdf@subsubtitlebelowlinewidth@length=\skip123
\mdf@subsubtitleaboveskip@length=\skip124
\mdf@subsubtitlebelowskip@length=\skip125
\mdf@subsubtitleinneraboveskip@length=\skip126
\mdf@subsubtitleinnerbelowskip@length=\skip127
 (c:/texlive/2023/texmf-dist/tex/latex/mdframed/md-frame-1.mdf
File: md-frame-1.mdf 2013/07/01\ 1.9b: md-frame-1
)
\mdf@frametitlebox=\box128
\mdf@footnotebox=\box129
\mdf@splitbox@one=\box130
\mdf@splitbox@two=\box131
\mdf@splitbox@save=\box132
\mdfsplitboxwidth=\skip128
\mdfsplitboxtotalwidth=\skip129
\mdfsplitboxheight=\skip130
\mdfsplitboxdepth=\skip131
\mdfsplitboxtotalheight=\skip132
\mdfframetitleboxwidth=\skip133
\mdfframetitleboxtotalwidth=\skip134
\mdfframetitleboxheight=\skip135
\mdfframetitleboxdepth=\skip136
\mdfframetitleboxtotalheight=\skip137
\mdffootnoteboxwidth=\skip138
\mdffootnoteboxtotalwidth=\skip139
\mdffootnoteboxheight=\skip140
\mdffootnoteboxdepth=\skip141
\mdffootnoteboxtotalheight=\skip142
\mdftotallinewidth=\skip143
\mdfboundingboxwidth=\skip144
\mdfboundingboxtotalwidth=\skip145
\mdfboundingboxheight=\skip146
\mdfboundingboxdepth=\skip147
\mdfboundingboxtotalheight=\skip148
\mdf@freevspace@length=\skip149
\mdf@horizontalwidthofbox@length=\skip150
\mdf@verticalmarginwhole@length=\skip151
\mdf@horizontalspaceofbox=\skip152
\mdfsubtitleheight=\skip153
\mdfsubsubtitleheight=\skip154
\c@mdfcountframes=\count357

****** mdframed patching \endmdf@trivlist

****** -- success******

\mdf@envdepth=\count358
\c@mdf@env@i=\count359
\c@mdf@env@ii=\count360
\c@mdf@zref@counter=\count361
Package zref Info: New property: mdf@pagevalue on input line 895.
)
Package thmtools Info: Key `mdframed' (with value ` linewidth=2pt, rightline=false, topline=false, bottomline=false, linecolor=ForestGreen, backgroundcolor=ForestGreen!5, nobreak=false ')
(thmtools)             is not a known style key.
(thmtools)             Will pass this to every \declaretheorem
(thmtools)             that uses `style=thmgreenbox' on input line 84.
Package thmtools Info: Key `mdframed' (with value ` linewidth=2pt, rightline=false, topline=false, bottomline=false, linecolor=ForestGreen, backgroundcolor=ForestGreen!8, nobreak=false ')
(thmtools)             is not a known style key.
(thmtools)             Will pass this to every \declaretheorem
(thmtools)             that uses `style=thmgreen2box' on input line 94.
Package thmtools Info: Key `mdframed' (with value ` linewidth=2pt, rightline=false, topline=false, bottomline=false, linecolor=NavyBlue, backgroundcolor=NavyBlue!5, nobreak=false ')
(thmtools)             is not a known style key.
(thmtools)             Will pass this to every \declaretheorem
(thmtools)             that uses `style=thmbluebox' on input line 104.
Package thmtools Info: Key `mdframed' (with value ` linewidth=2pt, rightline=false, topline=false, bottomline=false, linecolor=TealBlue, nobreak=false ')
(thmtools)             is not a known style key.
(thmtools)             Will pass this to every \declaretheorem
(thmtools)             that uses `style=thmblueline' on input line 114.
Package thmtools Info: Key `mdframed' (with value ` linewidth=2pt, rightline=false, topline=false, bottomline=false, linecolor=RawSienna, backgroundcolor=RawSienna!5, nobreak=false ')
(thmtools)             is not a known style key.
(thmtools)             Will pass this to every \declaretheorem
(thmtools)             that uses `style=thmredbox' on input line 124.
Package thmtools Info: Key `mdframed' (with value ` linewidth=2pt, rightline=false, topline=false, bottomline=false, linecolor=RawSienna, backgroundcolor=RawSienna!8, nobreak=false ')
(thmtools)             is not a known style key.
(thmtools)             Will pass this to every \declaretheorem
(thmtools)             that uses `style=thmred2box' on input line 134.
Package thmtools Info: Key `mdframed' (with value ` linewidth=2pt, rightline=false, topline=false, bottomline=false, linecolor=SeaGreen, backgroundcolor=SeaGreen!2, nobreak=false ')
(thmtools)             is not a known style key.
(thmtools)             Will pass this to every \declaretheorem
(thmtools)             that uses `style=thmgreen3box' on input line 144.
Package thmtools Info: Key `mdframed' (with value ` linewidth=2pt, rightline=false, topline=false, bottomline=false, linecolor=WildStrawberry, backgroundcolor=WildStrawberry!5, nobreak=false ')
(thmtools)             is not a known style key.
(thmtools)             Will pass this to every \declaretheorem
(thmtools)             that uses `style=thmpinkbox' on input line 154.
Package thmtools Info: Key `mdframed' (with value ` linewidth=2pt, rightline=false, topline=false, bottomline=false, linecolor=MidnightBlue, backgroundcolor=MidnightBlue!5, nobreak=false ')
(thmtools)             is not a known style key.
(thmtools)             Will pass this to every \declaretheorem
(thmtools)             that uses `style=thmblue2box' on input line 164.
Package thmtools Info: Key `mdframed' (with value ` linewidth=2pt, rightline=false, topline=false, bottomline=false, linecolor=Gray, backgroundcolor=Gray!5, nobreak=false ')
(thmtools)             is not a known style key.
(thmtools)             Will pass this to every \declaretheorem
(thmtools)             that uses `style=notgraybox' on input line 174.
Package thmtools Info: Key `mdframed' (with value ` linewidth=2pt, rightline=false, topline=false, bottomline=false, linecolor=Gray, nobreak=false ')
(thmtools)             is not a known style key.
(thmtools)             Will pass this to every \declaretheorem
(thmtools)             that uses `style=notgrayline' on input line 184.
Package thmtools Info: Key `numbered' (with value `no')
(thmtools)             is not a known style key.
(thmtools)             Will pass this to every \declaretheorem
(thmtools)             that uses `style=thmexplanationbox' on input line 206.
Package thmtools Info: Key `mdframed' (with value ` linewidth=2pt, rightline=false, topline=false, bottomline=false, linecolor=NavyBlue, backgroundcolor=NavyBlue!1, nobreak=false ')
(thmtools)             is not a known style key.
(thmtools)             Will pass this to every \declaretheorem
(thmtools)             that uses `style=thmexplanationbox' on input line 206.
Package thmtools Info: Key `numbered' (with value `no')
(thmtools)             is not a known style key.
(thmtools)             Will pass this to every \declaretheorem
(thmtools)             that uses `style=thmanswerbox' on input line 217.
Package thmtools Info: Key `mdframed' (with value ` linewidth=2pt, rightline=false, topline=false, bottomline=false, linecolor=WildStrawberry, backgroundcolor=WildStrawberry!1, nobreak=false ')
(thmtools)             is not a known style key.
(thmtools)             Will pass this to every \declaretheorem
(thmtools)             that uses `style=thmanswerbox' on input line 217.
Package thmtools Info: Key `mdframed' (with value ` linewidth=2pt, rightline=false, topline=false, bottomline=false, linecolor=Violet, backgroundcolor=Violet!1, nobreak=false ')
(thmtools)             is not a known style key.
(thmtools)             Will pass this to every \declaretheorem
(thmtools)             that uses `style=conjpurplebox' on input line 227.
Package thmtools Info: Automatically pulling in `thmdef-mdframed' on input line 230.
 (c:/texlive/2023/texmf-dist/tex/latex/thmtools/thmdef-mdframed.sty
Package: thmdef-mdframed 2023/05/04 v0.76
)
\c@definizione=\count362
\c@teorema=\count363
\c@lemma=\count364
\c@proposizione=\count365
\c@corollario=\count366
\c@problema=\count367
\c@congettura=\count368
 (c:/texlive/2023/texmf-dist/tex/latex/titlesec/titlesec.sty
Package: titlesec 2023/10/27 v2.16 Sectioning titles
\ttl@box=\box133
\beforetitleunit=\skip155
\aftertitleunit=\skip156
\ttl@plus=\dimen342
\ttl@minus=\dimen343
\ttl@toksa=\toks63
\titlewidth=\dimen344
\titlewidthlast=\dimen345
\titlewidthfirst=\dimen346
) (c:/texlive/2023/texmf-dist/tex/latex/todonotes/todonotes.sty
Package: todonotes 2023/01/31 v1.1.6 Todonotes source and documentation.
Package: todonotes 2023/01/31
 (c:/texlive/2023/texmf-dist/tex/latex/xkeyval/xkeyval.sty
Package: xkeyval 2022/06/16 v2.9 package option processing (HA)
 (c:/texlive/2023/texmf-dist/tex/generic/xkeyval/xkeyval.tex (c:/texlive/2023/texmf-dist/tex/generic/xkeyval/xkvutils.tex
\XKV@toks=\toks64
\XKV@tempa@toks=\toks65
)
\XKV@depth=\count369
File: xkeyval.tex 2014/12/03 v2.7a key=value parser (HA)
))
\c@@todonotes@numberoftodonotes=\count370
) (c:/texlive/2023/texmf-dist/tex/latex/marginnote/marginnote.sty
Package: marginnote 2018/08/09 1.4b non floating margin notes for LaTeX
\c@mn@abspage=\count371
) (c:/texlive/2023/texmf-dist/tex/latex/appendix/appendix.sty
Package: appendix 2020/02/08 v1.2c extra appendix facilities
\c@@pps=\count372
\c@@ppsavesec=\count373
\c@@ppsaveapp=\count374
) (c:/texlive/2023/texmf-dist/tex/generic/babel/babel.sty
Package: babel 2023/11/11 v3.97 The Babel package
 (c:/texlive/2023/texmf-dist/tex/generic/babel/luababel.def
\bbl@readstream=\read3
\l@dumylang=\language2
Package babel Info: Non-standard hyphenation setup on input line 118.
\l@nohyphenation=\language3
\l@vietnamese=\language4
\l@hebrew=\language5
\l@german-x-2023-03-06=\language6
\l@ngerman-x-2023-03-06=\language7
\l@afrikaans=\language8
\l@ancientgreek=\language9
\l@ibycus=\language10
\l@arabic=\language11
\l@armenian=\language12
\l@basque=\language13
\l@belarusian=\language14
\l@bulgarian=\language15
\l@catalan=\language16
\l@pinyin=\language17
\l@churchslavonic=\language18
\l@coptic=\language19
\l@croatian=\language20
\l@czech=\language21
\l@danish=\language22
\l@dutch=\language23
\l@ukenglish=\language24
\l@usenglishmax=\language25
\l@esperanto=\language26
\l@estonian=\language27
\l@ethiopic=\language28
\l@farsi=\language29
\l@finnish=\language30
\l@schoolfinnish=\language31
\l@french=\language32
\l@friulan=\language33
\l@galician=\language34
\l@georgian=\language35
\l@german=\language36
\l@ngerman=\language37
\l@swissgerman=\language38
\l@greek=\language39
\l@monogreek=\language40
\l@hungarian=\language41
\l@icelandic=\language42
\l@assamese=\language43
\l@bengali=\language44
\l@gujarati=\language45
\l@hindi=\language46
\l@kannada=\language47
\l@malayalam=\language48
\l@marathi=\language49
\l@oriya=\language50
\l@pali=\language51
\l@panjabi=\language52
\l@tamil=\language53
\l@telugu=\language54
\l@indonesian=\language55
\l@interlingua=\language56
\l@irish=\language57
\l@italian=\language58
\l@kurmanji=\language59
\l@classiclatin=\language60
\l@latin=\language61
\l@liturgicallatin=\language62
\l@latvian=\language63
\l@lithuanian=\language64
\l@macedonian=\language65
\l@mongolian=\language66
\l@mongolianlmc=\language67
\l@bokmal=\language68
\l@nynorsk=\language69
\l@occitan=\language70
\l@piedmontese=\language71
\l@polish=\language72
\l@portuguese=\language73
\l@romanian=\language74
\l@romansh=\language75
\l@russian=\language76
\l@sanskrit=\language77
\l@serbian=\language78
\l@serbianc=\language79
\l@slovak=\language80
\l@slovenian=\language81
\l@spanish=\language82
\l@swedish=\language83
\l@thai=\language84
\l@turkish=\language85
\l@turkmen=\language86
\l@ukrainian=\language87
\l@uppersorbian=\language88
\l@welsh=\language89
\babelcatcodetablenum=\catcodetable15
\bbl@pattcodes=\catcodetable16
)
\babel@savecnt=\count375
\U@D=\dimen347
\l@unhyphenated=\language90
 (c:/texlive/2023/texmf-dist/tex/generic/babel/luababel.def
\bbl@attr@locale=\attribute4
) (c:/texlive/2023/texmf-dist/tex/generic/babel-italian/italian.ldf
Language: italian 2022/03/27 v.1.4.07 Italian support for the babel system
\it@lettering=\count376
\it@doublequoteactive=\count377
\it@ISOcompliance=\count378
 (c:/texlive/2023/texmf-dist/tex/generic/hyph-utf8/loadhyph/loadhyph-it.tex UTF-8 Italian hyphenation patterns (c:/texlive/2023/texmf-dist/tex/generic/hyph-utf8/patterns/tex/hyph-it.tex) (c:/texlive/2023/texmf-dist/tex/generic/hyph-utf8/patterns/quote/hyph-quote-it.tex)))) (c:/texlive/2023/texmf-dist/tex/generic/babel/locale/it/babel-italian.tex
Package babel Info: Importing font and identification data for italian
(babel)             from babel-it.ini. Reported on input line 11.
) (c:/texlive/2023/texmf-dist/tex/latex/hyphenat/hyphenat.sty
Package: hyphenat 2009/09/02 v2.3c hyphenation utilities
\langwohyphens=\language91
LaTeX Info: Redefining \_ on input line 43.
)) (c:/texlive/2023/texmf-dist/tex/latex/textcase/textcase.sty
Package: textcase 2023/07/27 v1.04 Text only upper/lower case changing (DPC)
Package textcase Info: Defining Legacy names on input line 20.
) (c:/texlive/2023/texmf-dist/tex/latex/wrapfig/wrapfig.sty
\wrapoverhang=\dimen348
\WF@size=\dimen349
\c@WF@wrappedlines=\count379
\WF@box=\box134
\WF@everypar=\toks66
Package: wrapfig 2003/01/31  v 3.6
) (c:/texlive/2023/texmf-dist/tex/latex/adjustbox/adjustbox.sty
Package: adjustbox 2022/10/17 v1.3a Adjusting TeX boxes (trim, clip, ...)
 (c:/texlive/2023/texmf-dist/tex/latex/adjustbox/adjcalc.sty
Package: adjcalc 2012/05/16 v1.1 Provides advanced setlength with multiple back-ends (calc, etex, pgfmath)
) (c:/texlive/2023/texmf-dist/tex/latex/adjustbox/trimclip.sty
Package: trimclip 2020/08/19 v1.2 Trim and clip general TeX material
 (c:/texlive/2023/texmf-dist/tex/latex/collectbox/collectbox.sty
Package: collectbox 2022/10/17 v0.4c Collect macro arguments as boxes
\collectedbox=\box135
)
\tc@llx=\dimen350
\tc@lly=\dimen351
\tc@urx=\dimen352
\tc@ury=\dimen353
 (c:/texlive/2023/texmf-dist/tex/latex/adjustbox/tc-pgf.def
File: tc-pgf.def 2019/01/04 v2.2 trimclip fall-back clipping driver using PGF
)
Package trimclip Info: No clipping driver 'tc-luatex.def' available.
(trimclip)             Using fall-back PGF driver.
)
\adjbox@Width=\dimen354
\adjbox@Height=\dimen355
\adjbox@Depth=\dimen356
\adjbox@Totalheight=\dimen357
\adjbox@pwidth=\dimen358
\adjbox@pheight=\dimen359
\adjbox@pdepth=\dimen360
\adjbox@ptotalheight=\dimen361
 (c:/texlive/2023/texmf-dist/tex/latex/varwidth/varwidth.sty
Package: varwidth 2009/03/30 ver 0.92;  Variable-width minipages
\@vwid@box=\box136
\sift@deathcycles=\count380
\@vwid@loff=\dimen362
\@vwid@roff=\dimen363
)) (c:/texlive/2023/texmf-dist/tex/latex/oberdiek/centernot.sty
Package: centernot 2016/05/16 v1.4 Centers the not symbol horizontally (HO)
) (c:/texlive/2023/texmf-dist/tex/latex/graphics/rotating.sty
Package: rotating 2016/08/11 v2.16d rotated objects in LaTeX
\c@r@tfl@t=\count381
\rotFPtop=\skip157
\rotFPbot=\skip158
\rot@float@box=\box137
\rot@mess@toks=\toks67
) (c:/texlive/2023/texmf-dist/tex/latex/unicode-math/unicode-math.sty
Package: unicode-math 2023/08/13 v0.8r Unicode maths in XeLaTeX and LuaLaTeX
 (c:/texlive/2023/texmf-dist/tex/latex/unicode-math/unicode-math-luatex.sty
Package: unicode-math-luatex 2023/08/13 v0.8r Unicode maths in XeLaTeX and LuaLaTeX
 (c:/texlive/2023/texmf-dist/tex/latex/l3packages/l3keys2e/l3keys2e.sty
Package: l3keys2e 2023-10-10 LaTeX2e option processing using LaTeX3 keys
) (c:/texlive/2023/texmf-dist/tex/latex/fontspec/fontspec.sty
Package: fontspec 2022/01/15 v2.8a Font selection for XeLaTeX and LuaLaTeX
Lua module: fontspec 2022/01/15 2.8a Font selection for XeLaTeX and LuaLaTeX (c:/texlive/2023/texmf-dist/tex/latex/fontspec/fontspec-luatex.sty
Package: fontspec-luatex 2022/01/15 v2.8a Font selection for XeLaTeX and LuaLaTeX
\l__fontspec_script_int=\count382
\l__fontspec_language_int=\count383
\l__fontspec_strnum_int=\count384
\l__fontspec_tmp_int=\count385
\l__fontspec_tmpa_int=\count386
\l__fontspec_tmpb_int=\count387
\l__fontspec_tmpc_int=\count388
\l__fontspec_em_int=\count389
\l__fontspec_emdef_int=\count390
\l__fontspec_strong_int=\count391
\l__fontspec_strongdef_int=\count392
\l__fontspec_tmpa_dim=\dimen364
\l__fontspec_tmpb_dim=\dimen365
\l__fontspec_tmpc_dim=\dimen366
 (c:/texlive/2023/texmf-dist/tex/latex/base/fontenc.sty
Package: fontenc 2021/04/29 v2.0v Standard LaTeX package
) (c:/texlive/2023/texmf-dist/tex/latex/fontspec/fontspec.cfg))) (c:/texlive/2023/texmf-dist/tex/latex/base/fix-cm.sty
Package: fix-cm 2020/11/24 v1.1t fixes to LaTeX
 (c:/texlive/2023/texmf-dist/tex/latex/base/ts1enc.def
File: ts1enc.def 2001/06/05 v3.0e (jk/car/fm) Standard LaTeX file
LaTeX Font Info:    Redeclaring font encoding TS1 on input line 47.
)) (c:/texlive/2023/texmf-dist/tex/lualatex/lualatex-math/lualatex-math.sty
Package: lualatex-math 2022/01/01 v1.12 Patches for mathematics typesetting with LuaLaTeX
Lua module: lualatex-math 2013/08/03 1.3 Patches for mathematics typesetting with LuaLaTeX)
\g__um_fam_int=\count393
\g__um_fonts_used_int=\count394
\l__um_primecount_int=\count395
\g__um_primekern_muskip=\muskip18
 (c:/texlive/2023/texmf-dist/tex/latex/unicode-math/unicode-math-table.tex)))
luaotfload | cache : Lookup cache loaded from C:/texlive/2023/texmf-var/luatex-cache/generic/names/luaotfload-lookup-cache.luc.

Package fontspec Info: Could not resolve font "TeXGyreBonumMath/B" (it
(fontspec)             probably doesn't exist).


Package fontspec Info: Font family 'TeXGyreBonumMath(0)' created for font 'TeX
(fontspec)             Gyre Bonum Math' with options
(fontspec)             [Renderer=Basic,BoldItalicFont={},ItalicFont={},SmallCapsFont={},Script=Math,RawFeature={mathfontdimen=xetex}].
(fontspec)              
(fontspec)              This font family consists of the following NFSS
(fontspec)             series/shapes:
(fontspec)              
(fontspec)             - 'normal' (m/n) with NFSS spec.:
(fontspec)             <->"TeXGyreBonumMath:mode=base;script=math;language=dflt;mathfontdimen=xetex;"
(fontspec)             - 'small caps'  (m/sc) with NFSS spec.: 


Package fontspec Info: Could not resolve font "TeXGyreBonumMath/B" (it
(fontspec)             probably doesn't exist).


Package fontspec Info: Font family 'TeXGyreBonumMath(1)' created for font 'TeX
(fontspec)             Gyre Bonum Math' with options
(fontspec)             [Renderer=Basic,BoldItalicFont={},ItalicFont={},SmallCapsFont={},Script=Math,SizeFeatures={{Size=8.85-},{Size=6.85-8.85,Font=TeX
(fontspec)             Gyre Bonum Math,Style=MathScript},{Size=-6.85,Font=TeX
(fontspec)             Gyre Bonum
(fontspec)             Math,Style=MathScriptScript}},RawFeature={mathfontdimen=xetex}].
(fontspec)              
(fontspec)              This font family consists of the following NFSS
(fontspec)             series/shapes:
(fontspec)              
(fontspec)             - 'normal' (m/n) with NFSS spec.:
(fontspec)             <8.85->"TeXGyreBonumMath:mode=base;script=math;language=dflt;mathfontdimen=xetex;"<6.85-8.85>"TeXGyreBonumMath:mode=base;script=math;language=dflt;mathfontdimen=xetex;+ssty=0;"<-6.85>"TeXGyreBonumMath:mode=base;script=math;language=dflt;mathfontdimen=xetex;+ssty=1;"
(fontspec)             - 'small caps'  (m/sc) with NFSS spec.: 

LaTeX Font Info:    Encoding `OT1' has changed to `TU' for symbol font
(Font)              `operators' in the math version `normal' on input line 25.
LaTeX Font Info:    Overwriting symbol font `operators' in version `normal'
(Font)                  OT1/cmr/m/n --> TU/TeXGyreBonumMath(1)/m/n on input line 25.
LaTeX Font Info:    Encoding `OT1' has changed to `TU' for symbol font
(Font)              `operators' in the math version `bold' on input line 25.
LaTeX Font Info:    Overwriting symbol font `operators' in version `bold'
(Font)                  OT1/cmr/bx/n --> TU/TeXGyreBonumMath(1)/b/n on input line 25.

Package fontspec Info: Could not resolve font "TeXGyreBonumMath/B" (it
(fontspec)             probably doesn't exist).


Package fontspec Info: Font family 'TeXGyreBonumMath(2)' created for font 'TeX
(fontspec)             Gyre Bonum Math' with options
(fontspec)             [Renderer=Basic,BoldItalicFont={},ItalicFont={},SmallCapsFont={},Script=Math,SizeFeatures={{Size=8.85-},{Size=6.85-8.85,Font=TeX
(fontspec)             Gyre Bonum Math,Style=MathScript},{Size=-6.85,Font=TeX
(fontspec)             Gyre Bonum
(fontspec)             Math,Style=MathScriptScript}},RawFeature={mathfontdimen=xetex},RawFeature={mathfontdimen=tex2}].
(fontspec)              
(fontspec)              This font family consists of the following NFSS
(fontspec)             series/shapes:
(fontspec)              
(fontspec)             - 'normal' (m/n) with NFSS spec.:
(fontspec)             <8.85->"TeXGyreBonumMath:mode=base;script=math;language=dflt;mathfontdimen=xetex;mathfontdimen=tex2;"<6.85-8.85>"TeXGyreBonumMath:mode=base;script=math;language=dflt;mathfontdimen=xetex;mathfontdimen=tex2;+ssty=0;"<-6.85>"TeXGyreBonumMath:mode=base;script=math;language=dflt;mathfontdimen=xetex;mathfontdimen=tex2;+ssty=1;"
(fontspec)             - 'small caps'  (m/sc) with NFSS spec.: 

LaTeX Font Info:    Encoding `OMS' has changed to `TU' for symbol font
(Font)              `symbols' in the math version `normal' on input line 25.
LaTeX Font Info:    Overwriting symbol font `symbols' in version `normal'
(Font)                  OMS/cmsy/m/n --> TU/TeXGyreBonumMath(2)/m/n on input line 25.
LaTeX Font Info:    Encoding `OMS' has changed to `TU' for symbol font
(Font)              `symbols' in the math version `bold' on input line 25.
LaTeX Font Info:    Overwriting symbol font `symbols' in version `bold'
(Font)                  OMS/cmsy/b/n --> TU/TeXGyreBonumMath(2)/b/n on input line 25.

Package fontspec Info: Could not resolve font "TeXGyreBonumMath/B" (it
(fontspec)             probably doesn't exist).


Package fontspec Info: Font family 'TeXGyreBonumMath(3)' created for font 'TeX
(fontspec)             Gyre Bonum Math' with options
(fontspec)             [Renderer=Basic,BoldItalicFont={},ItalicFont={},SmallCapsFont={},Script=Math,SizeFeatures={{Size=8.85-},{Size=6.85-8.85,Font=TeX
(fontspec)             Gyre Bonum Math,Style=MathScript},{Size=-6.85,Font=TeX
(fontspec)             Gyre Bonum
(fontspec)             Math,Style=MathScriptScript}},RawFeature={mathfontdimen=xetex},RawFeature={mathfontdimen=tex3}].
(fontspec)              
(fontspec)              This font family consists of the following NFSS
(fontspec)             series/shapes:
(fontspec)              
(fontspec)             - 'normal' (m/n) with NFSS spec.:
(fontspec)             <8.85->"TeXGyreBonumMath:mode=base;script=math;language=dflt;mathfontdimen=xetex;mathfontdimen=tex3;"<6.85-8.85>"TeXGyreBonumMath:mode=base;script=math;language=dflt;mathfontdimen=xetex;mathfontdimen=tex3;+ssty=0;"<-6.85>"TeXGyreBonumMath:mode=base;script=math;language=dflt;mathfontdimen=xetex;mathfontdimen=tex3;+ssty=1;"
(fontspec)             - 'small caps'  (m/sc) with NFSS spec.: 

LaTeX Font Info:    Encoding `OMX' has changed to `TU' for symbol font
(Font)              `largesymbols' in the math version `normal' on input line 25.
LaTeX Font Info:    Overwriting symbol font `largesymbols' in version `normal'
(Font)                  OMX/cmex/m/n --> TU/TeXGyreBonumMath(3)/m/n on input line 25.
LaTeX Font Info:    Encoding `OMX' has changed to `TU' for symbol font
(Font)              `largesymbols' in the math version `bold' on input line 25.
LaTeX Font Info:    Overwriting symbol font `largesymbols' in version `bold'
(Font)                  OMX/cmex/m/n --> TU/TeXGyreBonumMath(3)/b/n on input line 25.
LaTeX Font Info:    Trying to load font information for U+stmry on input line 25.
 (c:/texlive/2023/texmf-dist/tex/latex/stmaryrd/Ustmry.fd)

LaTeX Font Warning: Font shape `U/stmry/b/n' undefined
(Font)              using `U/stmry/m/n' instead on input line 25.

LaTeX Font Info:    Trying to load font information for U+msa on input line 25.
(c:/texlive/2023/texmf-dist/tex/latex/amsfonts/umsa.fd
File: umsa.fd 2013/01/14 v3.01 AMS symbols A
)
LaTeX Font Info:    Trying to load font information for U+msb on input line 25.
 (c:/texlive/2023/texmf-dist/tex/latex/amsfonts/umsb.fd
File: umsb.fd 2013/01/14 v3.01 AMS symbols B
)
LaTeX Font Info:    Trying to load font information for U+rsfs on input line 25.
 (c:/texlive/2023/texmf-dist/tex/latex/jknapltx/ursfs.fd
File: ursfs.fd 1998/03/24 rsfs font definition file (jk)
) (./master.aux)
\openout1 = master.aux

LaTeX Font Info:    Checking defaults for OML/cmm/m/it on input line 26.
LaTeX Font Info:    ... okay on input line 26.
LaTeX Font Info:    Checking defaults for OMS/cmsy/m/n on input line 26.
LaTeX Font Info:    ... okay on input line 26.
LaTeX Font Info:    Checking defaults for OT1/cmr/m/n on input line 26.
LaTeX Font Info:    ... okay on input line 26.
LaTeX Font Info:    Checking defaults for T1/cmr/m/n on input line 26.
LaTeX Font Info:    ... okay on input line 26.
LaTeX Font Info:    Checking defaults for TS1/cmr/m/n on input line 26.
LaTeX Font Info:    ... okay on input line 26.
LaTeX Font Info:    Checking defaults for TU/lmr/m/n on input line 26.
LaTeX Font Info:    ... okay on input line 26.
LaTeX Font Info:    Checking defaults for OMX/cmex/m/n on input line 26.
LaTeX Font Info:    ... okay on input line 26.
LaTeX Font Info:    Checking defaults for U/cmr/m/n on input line 26.
LaTeX Font Info:    ... okay on input line 26.
LaTeX Font Info:    Checking defaults for PD1/pdf/m/n on input line 26.
LaTeX Font Info:    ... okay on input line 26.
LaTeX Font Info:    Checking defaults for PU/pdf/m/n on input line 26.
LaTeX Font Info:    ... okay on input line 26.
Package hyperref Info: Link coloring ON on input line 26.
 (./master.out) (./master.out)
\@outlinefile=\write4

\openout4 = master.out
 (c:/texlive/2023/texmf-dist/tex/context/base/mkii/supp-pdf.mkii
[Loading MPS to PDF converter (version 2006.09.02).]
\scratchcounter=\count396
\scratchdimen=\dimen367
\scratchbox=\box138
\nofMPsegments=\count397
\nofMParguments=\count398
\everyMPshowfont=\toks68
\MPscratchCnt=\count399
\MPscratchDim=\dimen368
\MPnumerator=\count400
\makeMPintoPDFobject=\count401
\everyMPtoPDFconversion=\toks69
) (c:/texlive/2023/texmf-dist/tex/latex/epstopdf-pkg/epstopdf-base.sty
Package: epstopdf-base 2020-01-24 v2.11 Base part for package epstopdf
Package epstopdf-base Info: Redefining graphics rule for `.eps' on input line 485.
 (c:/texlive/2023/texmf-dist/tex/latex/latexconfig/epstopdf-sys.cfg
File: epstopdf-sys.cfg 2010/07/13 v1.3 Configuration of (r)epstopdf for TeX Live
))
Package caption Info: Begin \AtBeginDocument code.
Package caption Info: rotating package is loaded.
Package caption Info: wrapfig package is loaded.
Package caption Info: End \AtBeginDocument code.
 (c:/texlive/2023/texmf-dist/tex/latex/pdflscape/pdflscape.sty
Package: pdflscape 2022-10-27 v0.13 Display of landscape pages in PDF
 (c:/texlive/2023/texmf-dist/tex/latex/pdflscape/pdflscape-nometadata.sty
Package: pdflscape-nometadata 2022-10-28 v0.13 Display of landscape pages in PDF (HO)
 (c:/texlive/2023/texmf-dist/tex/latex/graphics/lscape.sty
Package: lscape 2020/05/28 v3.02 Landscape Pages (DPC)
)
Package pdflscape Info: Auto-detected driver: pdftex on input line 81.
))
*geometry* driver: auto-detecting
*geometry* detected driver: luatex
*geometry* verbose mode - [ preamble ] result:
* driver: luatex
* paper: a4paper
* layout: <same size as paper>
* layoutoffset:(h,v)=(0.0pt,0.0pt)
* modes: 
* h-part:(L,W,R)=(72.2698pt, 452.96826pt, 72.2698pt)
* v-part:(T,H,B)=(72.2698pt, 700.50723pt, 72.2698pt)
* \paperwidth=597.50787pt
* \paperheight=845.04684pt
* \textwidth=452.96826pt
* \textheight=700.50723pt
* \oddsidemargin=-0.00018pt
* \evensidemargin=-0.00018pt
* \topmargin=-37.00018pt
* \headheight=12.0pt
* \headsep=25.0pt
* \topskip=10.0pt
* \footskip=30.0pt
* \marginparwidth=57.0pt
* \marginparsep=11.0pt
* \columnsep=10.0pt
* \skip\footins=9.0pt plus 4.0pt minus 2.0pt
* \hoffset=0.0pt
* \voffset=0.0pt
* \mag=1000
* \@twocolumnfalse
* \@twosidefalse
* \@mparswitchfalse
* \@reversemarginfalse
* (1in=72.27pt=25.4mm, 1cm=28.453pt)

Package pgfplots notification 'compat/show suggested version=true': you might benefit from \pgfplotsset{compat=1.18} (current compat level: 1.13).

LaTeX Font Info:    Overwriting math alphabet `\mathrm' in version `normal'
(Font)                  TU/TeXGyreBonumMath(1)/m/n --> TU/lmr/m/n on input line 26.
LaTeX Font Info:    Overwriting math alphabet `\mathit' in version `normal'
(Font)                  OT1/cmr/m/it --> TU/lmr/m/it on input line 26.
LaTeX Font Info:    Overwriting math alphabet `\mathbf' in version `normal'
(Font)                  OT1/cmr/bx/n --> TU/lmr/bx/n on input line 26.
LaTeX Font Info:    Overwriting math alphabet `\mathsf' in version `normal'
(Font)                  OT1/cmss/m/n --> TU/lmss/m/n on input line 26.
LaTeX Font Info:    Overwriting math alphabet `\mathsf' in version `bold'
(Font)                  OT1/cmss/bx/n --> TU/lmss/bx/n on input line 26.
LaTeX Font Info:    Overwriting math alphabet `\mathtt' in version `normal'
(Font)                  OT1/cmtt/m/n --> TU/lmtt/m/n on input line 26.
LaTeX Font Info:    Overwriting math alphabet `\mathtt' in version `bold'
(Font)                  OT1/cmtt/m/n --> TU/lmtt/bx/n on input line 26.

Package unicode-math Warning: Using \overbracket and \underbracket from
(unicode-math)                `mathtools' package.
(unicode-math)                 
(unicode-math)                 Use \Uoverbracket and \Uunderbracket for
(unicode-math)                original `unicode-math' definition.


Package unicode-math Warning: I'm going to overwrite the following commands
(unicode-math)                from the `mathtools' package: 
(unicode-math)                 
(unicode-math)                     \dblcolon, \coloneqq, \Coloneqq, \eqqcolon.
(unicode-math)                
(unicode-math)                 
(unicode-math)                 Note that since I won't overwrite the other
(unicode-math)                colon-like commands, using them will lead to
(unicode-math)                inconsistencies.

[1

{c:/texlive/2023/texmf-var/fonts/map/pdftex/updmap/pdftex.map}]
warning  (pdf backend): ignoring duplicate destination with the name 'page.1'
[1]
Package marginnote Info: Using workaround for absolute page number on input line 84.
 (./master.toc)
\tf@toc=\write5

\openout5 = master.toc
 (./Lectures/lec_1.tex
warning  (pdf backend): ignoring duplicate destination with the name 'page.1'
[1

]
Package marginnote Info: Using workaround for absolute page number on input line 1.

Capitolo 1.
<Figures/perimetro.png, id=64, 235.863pt x 155.3805pt>
File: Figures/perimetro.png Graphic file (type png)
<use Figures/perimetro.png>
Package luatex.def Info: Figures/perimetro.png  used on input line 8.
(luatex.def)             Requested size: 203.83434pt x 134.28134pt.
<Figures/vista triangolare.png, id=65, 234.549pt x 155.3805pt>
File: Figures/vista triangolare.png Graphic file (type png)
<use Figures/vista triangolare.png>
Package luatex.def Info: Figures/vista triangolare.png  used on input line 14.
(luatex.def)             Requested size: 203.83434pt x 135.03293pt.
) (./Lectures/lec_2.tex [2

<./Figures/perimetro.png><./Figures/vista triangolare.png>]
Capitolo 2.
<Figures/Traccia progetto.png, id=75, 1516.16437pt x 816.04875pt>
File: Figures/Traccia progetto.png Graphic file (type png)
<use Figures/Traccia progetto.png>
Package luatex.def Info: Figures/Traccia progetto.png  used on input line 9.
(luatex.def)             Requested size: 452.96826pt x 243.79546pt.

Underfull \hbox (badness 10000) in paragraph at lines 14--21

 []


Underfull \hbox (badness 10000) in paragraph at lines 14--21

 []


Underfull \hbox (badness 10000) in paragraph at lines 14--21

 []

[3

<./Figures/Traccia progetto.png>]
<Figures/tracciato stradale completo.jpg, id=84, 1284.8pt x 661.47125pt>
File: Figures/tracciato stradale completo.jpg Graphic file (type jpg)
<use Figures/tracciato stradale completo.jpg>
Package luatex.def Info: Figures/tracciato stradale completo.jpg  used on input line 27.
(luatex.def)             Requested size: 452.96826pt x 233.20396pt.
 [4<./Figures/tracciato stradale completo.jpg>] (./pdf/critericlotoide.pdf_tex
<./pdf/critericlotoide.pdf, id=93, page=1, 179.00862pt x 69.79068pt>
File: ./pdf/critericlotoide.pdf Graphic file (type pdf)
<use ./pdf/critericlotoide.pdf, page 1>
Package luatex.def Info: ./pdf/critericlotoide.pdf , page1 used on input line 56.
(luatex.def)             Requested size: 425.79126pt x 166.0112pt.
) [5<./pdf/critericlotoide.pdf>]
<Figures/Profilo altimetrico.png, id=105, 1028.34187pt x 504.38437pt>
File: Figures/Profilo altimetrico.png Graphic file (type png)
<use Figures/Profilo altimetrico.png>
Package luatex.def Info: Figures/Profilo altimetrico.png  used on input line 117.
(luatex.def)             Requested size: 452.96826pt x 222.17609pt.
) (./Lectures/lec_3.tex [6<./Figures/Profilo altimetrico.png>]
Capitolo 3.
<Figures/template.png, id=114, 770.12718pt x 412.54124pt>
File: Figures/template.png Graphic file (type png)
<use Figures/template.png>
Package luatex.def Info: Figures/template.png  used on input line 6.
(luatex.def)             Requested size: 452.96826pt x 242.64183pt.
<Figures/Sopraelevazione del tracciato vista in pianta.png, id=116, 1028.34187pt x 503.63156pt>
File: Figures/Sopraelevazione del tracciato vista in pianta.png Graphic file (type png)
<use Figures/Sopraelevazione del tracciato vista in pianta.png>
Package luatex.def Info: Figures/Sopraelevazione del tracciato vista in pianta.png  used on input line 14.
(luatex.def)             Requested size: 452.96826pt x 221.84448pt.
[7

<./Figures/template.png>]
<Figures/Profilo dei cigli.png, id=126, 1028.34187pt x 542.025pt>
File: Figures/Profilo dei cigli.png Graphic file (type png)
<use Figures/Profilo dei cigli.png>
Package luatex.def Info: Figures/Profilo dei cigli.png  used on input line 22.
(luatex.def)             Requested size: 452.96826pt x 238.7564pt.
) [8<./Figures/Sopraelevazione del tracciato vista in pianta.png><./Figures/Profilo dei cigli.png>] [9

] (./appendix.tex
Appendice A.

warning  (file pdf/Simple Horizontal Integrity Report.pdf) (pdf inclusion): PDF inclusion: found PDF version '1.6', but at most version '1.5' allowed
<pdf/Simple Horizontal Integrity Report.pdf, id=140, 597.55244pt x 845.0772pt>
File: pdf/Simple Horizontal Integrity Report.pdf Graphic file (type pdf)
<use pdf/Simple Horizontal Integrity Report.pdf>
Package luatex.def Info: pdf/Simple Horizontal Integrity Report.pdf  used on input line 3.
(luatex.def)             Requested size: 597.55098pt x 845.07513pt.

warning  (file pdf/Simple Horizontal Integrity Report.pdf) (pdf inclusion): PDF inclusion: found PDF version '1.6', but at most version '1.5' allowed
File: pdf/Simple Horizontal Integrity Report.pdf Graphic file (type pdf)
<use pdf/Simple Horizontal Integrity Report.pdf>
Package luatex.def Info: pdf/Simple Horizontal Integrity Report.pdf  used on input line 3.
(luatex.def)             Requested size: 597.55098pt x 845.07513pt.

warning  (file pdf/Simple Horizontal Integrity Report.pdf) (pdf inclusion): PDF inclusion: found PDF version '1.6', but at most version '1.5' allowed

warning  (file pdf/Simple Horizontal Integrity Report.pdf) (pdf inclusion): PDF inclusion: found PDF version '1.6', but at most version '1.5' allowed
<pdf/Simple Horizontal Integrity Report.pdf, id=143, page=1, 597.55244pt x 845.0772pt>
File: pdf/Simple Horizontal Integrity Report.pdf Graphic file (type pdf)
<use pdf/Simple Horizontal Integrity Report.pdf, page 1>
Package luatex.def Info: pdf/Simple Horizontal Integrity Report.pdf , page1 used on input line 3.
(luatex.def)             Requested size: 597.55098pt x 845.07513pt.
File: pdf/Simple Horizontal Integrity Report.pdf Graphic file (type pdf)
<use pdf/Simple Horizontal Integrity Report.pdf, page 1>
Package luatex.def Info: pdf/Simple Horizontal Integrity Report.pdf , page1 used on input line 3.
(luatex.def)             Requested size: 597.57832pt x 845.11382pt.
[10

]
File: pdf/Simple Horizontal Integrity Report.pdf Graphic file (type pdf)
<use pdf/Simple Horizontal Integrity Report.pdf, page 1>
Package luatex.def Info: pdf/Simple Horizontal Integrity Report.pdf , page1 used on input line 3.
(luatex.def)             Requested size: 597.57832pt x 845.11382pt.
File: pdf/Simple Horizontal Integrity Report.pdf Graphic file (type pdf)
<use pdf/Simple Horizontal Integrity Report.pdf, page 1>
Package luatex.def Info: pdf/Simple Horizontal Integrity Report.pdf , page1 used on input line 3.
(luatex.def)             Requested size: 597.57832pt x 845.11382pt.
File: pdf/Simple Horizontal Integrity Report.pdf Graphic file (type pdf)
<use pdf/Simple Horizontal Integrity Report.pdf, page 1>
Package luatex.def Info: pdf/Simple Horizontal Integrity Report.pdf , page1 used on input line 3.
(luatex.def)             Requested size: 597.57832pt x 845.11382pt.
 [11<./pdf/Simple Horizontal Integrity Report.pdf>]
warning  (file pdf/Simple Horizontal Integrity Report.pdf) (pdf inclusion): PDF inclusion: found PDF version '1.6', but at most version '1.5' allowed
<pdf/Simple Horizontal Integrity Report.pdf, id=168, page=2, 597.55244pt x 845.0772pt>
File: pdf/Simple Horizontal Integrity Report.pdf Graphic file (type pdf)
<use pdf/Simple Horizontal Integrity Report.pdf, page 2>
Package luatex.def Info: pdf/Simple Horizontal Integrity Report.pdf , page2 used on input line 3.
(luatex.def)             Requested size: 597.57832pt x 845.11382pt.
File: pdf/Simple Horizontal Integrity Report.pdf Graphic file (type pdf)
<use pdf/Simple Horizontal Integrity Report.pdf, page 2>
Package luatex.def Info: pdf/Simple Horizontal Integrity Report.pdf , page2 used on input line 3.
(luatex.def)             Requested size: 597.57832pt x 845.11382pt.
File: pdf/Simple Horizontal Integrity Report.pdf Graphic file (type pdf)
<use pdf/Simple Horizontal Integrity Report.pdf, page 2>
Package luatex.def Info: pdf/Simple Horizontal Integrity Report.pdf , page2 used on input line 3.
(luatex.def)             Requested size: 597.57832pt x 845.11382pt.
[12<./pdf/Simple Horizontal Integrity Report.pdf>]
Appendice B.

warning  (file pdf/Controllo altimetria.pdf) (pdf inclusion): PDF inclusion: found PDF version '1.6', but at most version '1.5' allowed
<pdf/Controllo altimetria.pdf, id=174, 597.55244pt x 845.0772pt>
File: pdf/Controllo altimetria.pdf Graphic file (type pdf)
<use pdf/Controllo altimetria.pdf>
Package luatex.def Info: pdf/Controllo altimetria.pdf  used on input line 7.
(luatex.def)             Requested size: 597.55098pt x 845.07513pt.

warning  (file pdf/Controllo altimetria.pdf) (pdf inclusion): PDF inclusion: found PDF version '1.6', but at most version '1.5' allowed
File: pdf/Controllo altimetria.pdf Graphic file (type pdf)
<use pdf/Controllo altimetria.pdf>
Package luatex.def Info: pdf/Controllo altimetria.pdf  used on input line 7.
(luatex.def)             Requested size: 597.55098pt x 845.07513pt.

warning  (file pdf/Controllo altimetria.pdf) (pdf inclusion): PDF inclusion: found PDF version '1.6', but at most version '1.5' allowed

warning  (file pdf/Controllo altimetria.pdf) (pdf inclusion): PDF inclusion: found PDF version '1.6', but at most version '1.5' allowed
<pdf/Controllo altimetria.pdf, id=177, page=1, 597.55244pt x 845.0772pt>
File: pdf/Controllo altimetria.pdf Graphic file (type pdf)
<use pdf/Controllo altimetria.pdf, page 1>
Package luatex.def Info: pdf/Controllo altimetria.pdf , page1 used on input line 7.
(luatex.def)             Requested size: 597.55098pt x 845.07513pt.
File: pdf/Controllo altimetria.pdf Graphic file (type pdf)
<use pdf/Controllo altimetria.pdf, page 1>
Package luatex.def Info: pdf/Controllo altimetria.pdf , page1 used on input line 7.
(luatex.def)             Requested size: 597.57832pt x 845.11382pt.
[13

]
File: pdf/Controllo altimetria.pdf Graphic file (type pdf)
<use pdf/Controllo altimetria.pdf, page 1>
Package luatex.def Info: pdf/Controllo altimetria.pdf , page1 used on input line 7.
(luatex.def)             Requested size: 597.57832pt x 845.11382pt.
File: pdf/Controllo altimetria.pdf Graphic file (type pdf)
<use pdf/Controllo altimetria.pdf, page 1>
Package luatex.def Info: pdf/Controllo altimetria.pdf , page1 used on input line 7.
(luatex.def)             Requested size: 597.57832pt x 845.11382pt.
File: pdf/Controllo altimetria.pdf Graphic file (type pdf)
<use pdf/Controllo altimetria.pdf, page 1>
Package luatex.def Info: pdf/Controllo altimetria.pdf , page1 used on input line 7.
(luatex.def)             Requested size: 597.57832pt x 845.11382pt.
 [14<./pdf/Controllo altimetria.pdf>]
warning  (file pdf/Controllo altimetria.pdf) (pdf inclusion): PDF inclusion: found PDF version '1.6', but at most version '1.5' allowed
<pdf/Controllo altimetria.pdf, id=194, page=2, 597.55244pt x 845.0772pt>
File: pdf/Controllo altimetria.pdf Graphic file (type pdf)
<use pdf/Controllo altimetria.pdf, page 2>
Package luatex.def Info: pdf/Controllo altimetria.pdf , page2 used on input line 7.
(luatex.def)             Requested size: 597.57832pt x 845.11382pt.
File: pdf/Controllo altimetria.pdf Graphic file (type pdf)
<use pdf/Controllo altimetria.pdf, page 2>
Package luatex.def Info: pdf/Controllo altimetria.pdf , page2 used on input line 7.
(luatex.def)             Requested size: 597.57832pt x 845.11382pt.
File: pdf/Controllo altimetria.pdf Graphic file (type pdf)
<use pdf/Controllo altimetria.pdf, page 2>
Package luatex.def Info: pdf/Controllo altimetria.pdf , page2 used on input line 7.
(luatex.def)             Requested size: 597.57832pt x 845.11382pt.
[15<./pdf/Controllo altimetria.pdf>]
warning  (file pdf/Controllo altimetria.pdf) (pdf inclusion): PDF inclusion: found PDF version '1.6', but at most version '1.5' allowed
<pdf/Controllo altimetria.pdf, id=199, page=3, 597.55244pt x 845.0772pt>
File: pdf/Controllo altimetria.pdf Graphic file (type pdf)
<use pdf/Controllo altimetria.pdf, page 3>
Package luatex.def Info: pdf/Controllo altimetria.pdf , page3 used on input line 7.
(luatex.def)             Requested size: 597.57832pt x 845.11382pt.
File: pdf/Controllo altimetria.pdf Graphic file (type pdf)
<use pdf/Controllo altimetria.pdf, page 3>
Package luatex.def Info: pdf/Controllo altimetria.pdf , page3 used on input line 7.
(luatex.def)             Requested size: 597.57832pt x 845.11382pt.
File: pdf/Controllo altimetria.pdf Graphic file (type pdf)
<use pdf/Controllo altimetria.pdf, page 3>
Package luatex.def Info: pdf/Controllo altimetria.pdf , page3 used on input line 7.
(luatex.def)             Requested size: 597.57832pt x 845.11382pt.
[16<./pdf/Controllo altimetria.pdf>]
warning  (file pdf/Controllo altimetria.pdf) (pdf inclusion): PDF inclusion: found PDF version '1.6', but at most version '1.5' allowed
<pdf/Controllo altimetria.pdf, id=204, page=4, 597.55244pt x 845.0772pt>
File: pdf/Controllo altimetria.pdf Graphic file (type pdf)
<use pdf/Controllo altimetria.pdf, page 4>
Package luatex.def Info: pdf/Controllo altimetria.pdf , page4 used on input line 7.
(luatex.def)             Requested size: 597.57832pt x 845.11382pt.
File: pdf/Controllo altimetria.pdf Graphic file (type pdf)
<use pdf/Controllo altimetria.pdf, page 4>
Package luatex.def Info: pdf/Controllo altimetria.pdf , page4 used on input line 7.
(luatex.def)             Requested size: 597.57832pt x 845.11382pt.
File: pdf/Controllo altimetria.pdf Graphic file (type pdf)
<use pdf/Controllo altimetria.pdf, page 4>
Package luatex.def Info: pdf/Controllo altimetria.pdf , page4 used on input line 7.
(luatex.def)             Requested size: 597.57832pt x 845.11382pt.
[17<./pdf/Controllo altimetria.pdf>]) (./master.aux)
 ***********
LaTeX2e <2023-11-01>
L3 programming layer <2023-11-09>
 ***********


LaTeX Font Warning: Some font shapes were not available, defaults substituted.

Package rerunfilecheck Info: File `master.out' has not changed.
(rerunfilecheck)             Checksum: 74352705F742B60F010D2A182E8D55F3;1058.
)

Here is how much of LuaTeX's memory you used:
 51363 strings out of 476598
 125262,2373549 words of node,token memory allocated
 919 words of node memory still in use:
   8 hlist, 2 vlist, 2 rule, 5 glue, 4 kern, 1 glyph, 16 attribute, 125 glue_spec, 10 attribute_list, 2 write nodes
   avail lists: 2:1147,3:139,4:128,5:301,6:51,7:5394,8:33,9:662,10:12,11:739
 71752 multiletter control sequences out of 65536+600000
 90 fonts using 18044243 bytes
 108i,22n,103p,1464b,768s stack positions out of 10000i,1000n,20000p,200000b,200000s
<c:/texlive/2023/texmf-dist/fonts/opentype/public/tex-gyre-math/texgyrebonum-math.otf><c:/texlive/2023/texmf-dist/fonts/opentype/public/tex-gyre-math/texgyrebonum-math.otf><c:/texlive/2023/texmf-dist/fonts/opentype/public/tex-gyre-math/texgyrebonum-math.otf><c:/texlive/2023/texmf-dist/fonts/opentype/public/lm/lmroman12-bold.otf><c:/texlive/2023/texmf-dist/fonts/opentype/public/lm/lmroman10-regular.otf><c:/texlive/2023/texmf-dist/fonts/opentype/public/lm/lmroman10-bold.otf><c:/texlive/2023/texmf-dist/fonts/opentype/public/lm/lmsans9-regular.otf><c:/texlive/2023/texmf-dist/fonts/opentype/public/lm/lmsans17-regular.otf><c:/texlive/2023/texmf-dist/fonts/opentype/public/lm/lmsans10-regular.otf><c:/texlive/2023/texmf-dist/fonts/opentype/public/lm/lmsans10-bold.otf><c:/texlive/2023/texmf-dist/fonts/type1/public/amsfonts/cm/cmmi10.pfb><c:/texlive/2023/texmf-dist/fonts/type1/public/amsfonts/cm/cmmi6.pfb><c:/texlive/2023/texmf-dist/fonts/type1/public/amsfonts/cm/cmmi7.pfb>
Output written on master.pdf (19 pages, 1400529 bytes).

PDF statistics: 286 PDF objects out of 1000 (max. 8388607)
 190 compressed objects within 2 object streams
 36 named destinations out of 1000 (max. 131072)
 72 words of extra memory for PDF output out of 10000 (max. 100000000)

